{"/home/sysdev/development/valdi-es5/src/base64.js":{"path":"/home/sysdev/development/valdi-es5/src/base64.js","s":{"1":1,"2":1,"3":1,"4":1,"5":8,"6":1,"7":4,"8":4,"9":4,"10":14,"11":14,"12":14,"13":14,"14":14,"15":14,"16":14,"17":14,"18":2,"19":12,"20":0,"21":14,"22":4,"23":1,"24":4,"25":4,"26":4,"27":14,"28":14,"29":14,"30":14,"31":14,"32":14,"33":14,"34":14,"35":14,"36":12,"37":14,"38":12,"39":4,"40":1,"41":4,"42":4,"43":4,"44":22,"45":22,"46":14,"47":8,"48":0,"49":0,"50":8,"51":8,"52":8,"53":4,"54":1,"55":4,"56":4,"57":22,"58":22,"59":14,"60":14,"61":8,"62":0,"63":0,"64":0,"65":8,"66":8,"67":8,"68":8,"69":4,"70":1},"b":{"1":[8,0],"2":[2,12],"3":[0,12],"4":[12,2],"5":[12,2],"6":[14,8],"7":[0,8],"8":[8,8],"9":[14,8],"10":[0,8],"11":[8,8]},"f":{"1":1,"2":8,"3":4,"4":4,"5":4,"6":4},"fnMap":{"1":{"name":"Base64","line":5,"loc":{"start":{"line":5,"column":0},"end":{"line":5,"column":18}}},"2":{"name":"(anonymous_2)","line":9,"loc":{"start":{"line":9,"column":19},"end":{"line":9,"column":36}}},"3":{"name":"(anonymous_3)","line":13,"loc":{"start":{"line":13,"column":18},"end":{"line":13,"column":34}}},"4":{"name":"(anonymous_4)","line":44,"loc":{"start":{"line":44,"column":18},"end":{"line":44,"column":35}}},"5":{"name":"(anonymous_5)","line":75,"loc":{"start":{"line":75,"column":23},"end":{"line":75,"column":41}}},"6":{"name":"(anonymous_6)","line":99,"loc":{"start":{"line":99,"column":23},"end":{"line":99,"column":41}}}},"statementMap":{"1":{"start":{"line":3,"column":0},"end":{"line":3,"column":37}},"2":{"start":{"line":5,"column":0},"end":{"line":126,"column":1}},"3":{"start":{"line":7,"column":4},"end":{"line":7,"column":87}},"4":{"start":{"line":9,"column":4},"end":{"line":11,"column":6}},"5":{"start":{"line":10,"column":8},"end":{"line":10,"column":81}},"6":{"start":{"line":13,"column":4},"end":{"line":42,"column":6}},"7":{"start":{"line":14,"column":8},"end":{"line":16,"column":18}},"8":{"start":{"line":18,"column":8},"end":{"line":18,"column":40}},"9":{"start":{"line":20,"column":8},"end":{"line":40,"column":9}},"10":{"start":{"line":22,"column":12},"end":{"line":22,"column":41}},"11":{"start":{"line":23,"column":12},"end":{"line":23,"column":41}},"12":{"start":{"line":24,"column":12},"end":{"line":24,"column":41}},"13":{"start":{"line":26,"column":12},"end":{"line":26,"column":29}},"14":{"start":{"line":27,"column":12},"end":{"line":27,"column":51}},"15":{"start":{"line":28,"column":12},"end":{"line":28,"column":52}},"16":{"start":{"line":29,"column":12},"end":{"line":29,"column":29}},"17":{"start":{"line":31,"column":12},"end":{"line":35,"column":13}},"18":{"start":{"line":32,"column":16},"end":{"line":32,"column":33}},"19":{"start":{"line":33,"column":19},"end":{"line":35,"column":13}},"20":{"start":{"line":34,"column":16},"end":{"line":34,"column":26}},"21":{"start":{"line":37,"column":12},"end":{"line":39,"column":70}},"22":{"start":{"line":41,"column":8},"end":{"line":41,"column":22}},"23":{"start":{"line":44,"column":4},"end":{"line":73,"column":6}},"24":{"start":{"line":45,"column":8},"end":{"line":48,"column":18}},"25":{"start":{"line":50,"column":8},"end":{"line":50,"column":57}},"26":{"start":{"line":52,"column":8},"end":{"line":71,"column":9}},"27":{"start":{"line":54,"column":12},"end":{"line":54,"column":59}},"28":{"start":{"line":55,"column":12},"end":{"line":55,"column":59}},"29":{"start":{"line":56,"column":12},"end":{"line":56,"column":59}},"30":{"start":{"line":57,"column":12},"end":{"line":57,"column":59}},"31":{"start":{"line":59,"column":12},"end":{"line":59,"column":45}},"32":{"start":{"line":60,"column":12},"end":{"line":60,"column":52}},"33":{"start":{"line":61,"column":12},"end":{"line":61,"column":44}},"34":{"start":{"line":63,"column":12},"end":{"line":63,"column":56}},"35":{"start":{"line":65,"column":12},"end":{"line":67,"column":13}},"36":{"start":{"line":66,"column":16},"end":{"line":66,"column":60}},"37":{"start":{"line":68,"column":12},"end":{"line":70,"column":13}},"38":{"start":{"line":69,"column":16},"end":{"line":69,"column":60}},"39":{"start":{"line":72,"column":8},"end":{"line":72,"column":40}},"40":{"start":{"line":75,"column":4},"end":{"line":97,"column":6}},"41":{"start":{"line":76,"column":8},"end":{"line":76,"column":46}},"42":{"start":{"line":77,"column":8},"end":{"line":77,"column":25}},"43":{"start":{"line":79,"column":8},"end":{"line":95,"column":9}},"44":{"start":{"line":81,"column":12},"end":{"line":81,"column":41}},"45":{"start":{"line":83,"column":12},"end":{"line":94,"column":13}},"46":{"start":{"line":84,"column":16},"end":{"line":84,"column":50}},"47":{"start":{"line":86,"column":17},"end":{"line":94,"column":13}},"48":{"start":{"line":87,"column":16},"end":{"line":87,"column":63}},"49":{"start":{"line":88,"column":16},"end":{"line":88,"column":63}},"50":{"start":{"line":91,"column":16},"end":{"line":91,"column":64}},"51":{"start":{"line":92,"column":16},"end":{"line":92,"column":70}},"52":{"start":{"line":93,"column":16},"end":{"line":93,"column":63}},"53":{"start":{"line":96,"column":8},"end":{"line":96,"column":23}},"54":{"start":{"line":99,"column":4},"end":{"line":125,"column":6}},"55":{"start":{"line":100,"column":8},"end":{"line":102,"column":34}},"56":{"start":{"line":104,"column":8},"end":{"line":123,"column":9}},"57":{"start":{"line":106,"column":12},"end":{"line":106,"column":38}},"58":{"start":{"line":108,"column":12},"end":{"line":122,"column":13}},"59":{"start":{"line":109,"column":16},"end":{"line":109,"column":49}},"60":{"start":{"line":110,"column":16},"end":{"line":110,"column":20}},"61":{"start":{"line":112,"column":17},"end":{"line":122,"column":13}},"62":{"start":{"line":113,"column":16},"end":{"line":113,"column":45}},"63":{"start":{"line":114,"column":16},"end":{"line":114,"column":75}},"64":{"start":{"line":115,"column":16},"end":{"line":115,"column":23}},"65":{"start":{"line":118,"column":16},"end":{"line":118,"column":45}},"66":{"start":{"line":119,"column":16},"end":{"line":119,"column":45}},"67":{"start":{"line":120,"column":16},"end":{"line":120,"column":95}},"68":{"start":{"line":121,"column":16},"end":{"line":121,"column":23}},"69":{"start":{"line":124,"column":8},"end":{"line":124,"column":22}},"70":{"start":{"line":128,"column":0},"end":{"line":128,"column":30}}},"branchMap":{"1":{"line":10,"type":"cond-expr","locations":[{"start":{"line":10,"column":46},"end":{"line":10,"column":72}},{"start":{"line":10,"column":75},"end":{"line":10,"column":80}}]},"2":{"line":31,"type":"if","locations":[{"start":{"line":31,"column":12},"end":{"line":31,"column":12}},{"start":{"line":31,"column":12},"end":{"line":31,"column":12}}]},"3":{"line":33,"type":"if","locations":[{"start":{"line":33,"column":19},"end":{"line":33,"column":19}},{"start":{"line":33,"column":19},"end":{"line":33,"column":19}}]},"4":{"line":65,"type":"if","locations":[{"start":{"line":65,"column":12},"end":{"line":65,"column":12}},{"start":{"line":65,"column":12},"end":{"line":65,"column":12}}]},"5":{"line":68,"type":"if","locations":[{"start":{"line":68,"column":12},"end":{"line":68,"column":12}},{"start":{"line":68,"column":12},"end":{"line":68,"column":12}}]},"6":{"line":83,"type":"if","locations":[{"start":{"line":83,"column":12},"end":{"line":83,"column":12}},{"start":{"line":83,"column":12},"end":{"line":83,"column":12}}]},"7":{"line":86,"type":"if","locations":[{"start":{"line":86,"column":17},"end":{"line":86,"column":17}},{"start":{"line":86,"column":17},"end":{"line":86,"column":17}}]},"8":{"line":86,"type":"binary-expr","locations":[{"start":{"line":86,"column":21},"end":{"line":86,"column":28}},{"start":{"line":86,"column":34},"end":{"line":86,"column":42}}]},"9":{"line":108,"type":"if","locations":[{"start":{"line":108,"column":12},"end":{"line":108,"column":12}},{"start":{"line":108,"column":12},"end":{"line":108,"column":12}}]},"10":{"line":112,"type":"if","locations":[{"start":{"line":112,"column":17},"end":{"line":112,"column":17}},{"start":{"line":112,"column":17},"end":{"line":112,"column":17}}]},"11":{"line":112,"type":"binary-expr","locations":[{"start":{"line":112,"column":21},"end":{"line":112,"column":28}},{"start":{"line":112,"column":34},"end":{"line":112,"column":41}}]}}},"/home/sysdev/development/valdi-es5/index.js":{"path":"/home/sysdev/development/valdi-es5/index.js","s":{"1":1,"2":1,"3":1,"4":1,"5":1},"b":{},"f":{"1":1},"fnMap":{"1":{"name":"(anonymous_1)","line":6,"loc":{"start":{"line":6,"column":17},"end":{"line":6,"column":29}}}},"statementMap":{"1":{"start":{"line":2,"column":0},"end":{"line":2,"column":62}},"2":{"start":{"line":4,"column":0},"end":{"line":16,"column":6}},"3":{"start":{"line":6,"column":31},"end":{"line":6,"column":70}},"4":{"start":{"line":18,"column":0},"end":{"line":18,"column":24}},"5":{"start":{"line":19,"column":0},"end":{"line":19,"column":36}}},"branchMap":{}},"/home/sysdev/development/valdi-es5/src/shorthand.js":{"path":"/home/sysdev/development/valdi-es5/src/shorthand.js","s":{"1":1,"2":1,"3":96,"4":96,"5":96,"6":96,"7":96,"8":1,"9":99,"10":99,"11":99,"12":99,"13":164,"14":164,"15":164,"16":110,"17":54,"18":54,"19":0,"20":0,"21":164,"22":48,"23":99,"24":99,"25":99,"26":1,"27":99,"28":1,"29":147,"30":1,"31":147,"32":96,"33":99,"34":99,"35":99,"36":99,"37":96,"38":21,"39":1,"40":20,"41":21,"42":96,"43":8,"44":2,"45":6,"46":8,"47":96,"48":2,"49":2,"50":96,"51":7,"52":4,"53":3,"54":7,"55":96,"56":2,"57":2,"58":96,"59":4,"60":4,"61":96,"62":2,"63":2,"64":96,"65":3,"66":3,"67":96,"68":6,"69":6,"70":96,"71":34,"72":34,"73":96,"74":6,"75":6,"76":96,"77":2,"78":2,"79":96,"80":3,"81":3,"82":96,"83":1,"84":1,"85":96,"86":3,"87":3,"88":96,"89":13,"90":13,"91":13,"92":96,"93":10,"94":10,"95":10,"96":96,"97":3,"98":3,"99":96,"100":3,"101":3,"102":96,"103":2,"104":2,"105":96,"106":2,"107":2,"108":96,"109":6,"110":6,"111":96,"112":2,"113":2,"114":96,"115":2,"116":2,"117":96,"118":3,"119":96,"120":95,"121":96,"122":96,"123":96,"124":96,"125":96,"126":96,"127":96,"128":96,"129":1},"b":{"1":[110,54],"2":[54,0],"3":[0,0],"4":[48,116],"5":[57,42],"6":[99,99],"7":[147,0],"8":[1,20],"9":[2,6],"10":[4,3],"11":[0,13],"12":[13,2],"13":[0,10],"14":[10,3],"15":[1,95],"16":[96,96],"17":[0,96]},"f":{"1":96,"2":99,"3":99,"4":147,"5":147,"6":99,"7":21,"8":8,"9":2,"10":7,"11":2,"12":4,"13":2,"14":3,"15":6,"16":34,"17":6,"18":2,"19":3,"20":1,"21":3,"22":13,"23":10,"24":3,"25":3,"26":2,"27":2,"28":6,"29":2,"30":2,"31":3,"32":95,"33":96},"fnMap":{"1":{"name":"Shorthand","line":6,"loc":{"start":{"line":6,"column":0},"end":{"line":6,"column":21}}},"2":{"name":"_executeValidation","line":17,"loc":{"start":{"line":17,"column":4},"end":{"line":17,"column":50}}},"3":{"name":"_resetResults","line":43,"loc":{"start":{"line":43,"column":4},"end":{"line":43,"column":52}}},"4":{"name":"_addtest","line":59,"loc":{"start":{"line":59,"column":4},"end":{"line":59,"column":47}}},"5":{"name":"_functionName","line":67,"loc":{"start":{"line":67,"column":4},"end":{"line":67,"column":40}}},"6":{"name":"(anonymous_6)","line":80,"loc":{"start":{"line":80,"column":17},"end":{"line":80,"column":34}}},"7":{"name":"(anonymous_7)","line":99,"loc":{"start":{"line":99,"column":18},"end":{"line":99,"column":32}}},"8":{"name":"(anonymous_8)","line":108,"loc":{"start":{"line":108,"column":19},"end":{"line":108,"column":33}}},"9":{"name":"(anonymous_9)","line":117,"loc":{"start":{"line":117,"column":27},"end":{"line":117,"column":38}}},"10":{"name":"(anonymous_10)","line":122,"loc":{"start":{"line":122,"column":16},"end":{"line":122,"column":30}}},"11":{"name":"(anonymous_11)","line":131,"loc":{"start":{"line":131,"column":24},"end":{"line":131,"column":35}}},"12":{"name":"(anonymous_12)","line":136,"loc":{"start":{"line":136,"column":16},"end":{"line":136,"column":27}}},"13":{"name":"(anonymous_13)","line":141,"loc":{"start":{"line":141,"column":18},"end":{"line":141,"column":29}}},"14":{"name":"(anonymous_14)","line":146,"loc":{"start":{"line":146,"column":16},"end":{"line":146,"column":27}}},"15":{"name":"(anonymous_15)","line":151,"loc":{"start":{"line":151,"column":23},"end":{"line":151,"column":34}}},"16":{"name":"(anonymous_16)","line":156,"loc":{"start":{"line":156,"column":18},"end":{"line":156,"column":29}}},"17":{"name":"(anonymous_17)","line":161,"loc":{"start":{"line":161,"column":24},"end":{"line":161,"column":41}}},"18":{"name":"(anonymous_18)","line":166,"loc":{"start":{"line":166,"column":22},"end":{"line":166,"column":40}}},"19":{"name":"(anonymous_19)","line":171,"loc":{"start":{"line":171,"column":26},"end":{"line":171,"column":37}}},"20":{"name":"(anonymous_20)","line":176,"loc":{"start":{"line":176,"column":17},"end":{"line":176,"column":28}}},"21":{"name":"(anonymous_21)","line":181,"loc":{"start":{"line":181,"column":23},"end":{"line":181,"column":34}}},"22":{"name":"(anonymous_22)","line":186,"loc":{"start":{"line":186,"column":23},"end":{"line":186,"column":38}}},"23":{"name":"(anonymous_23)","line":192,"loc":{"start":{"line":192,"column":20},"end":{"line":192,"column":35}}},"24":{"name":"(anonymous_24)","line":198,"loc":{"start":{"line":198,"column":17},"end":{"line":198,"column":32}}},"25":{"name":"(anonymous_25)","line":203,"loc":{"start":{"line":203,"column":20},"end":{"line":203,"column":35}}},"26":{"name":"(anonymous_26)","line":208,"loc":{"start":{"line":208,"column":15},"end":{"line":208,"column":26}}},"27":{"name":"(anonymous_27)","line":213,"loc":{"start":{"line":213,"column":16},"end":{"line":213,"column":27}}},"28":{"name":"(anonymous_28)","line":218,"loc":{"start":{"line":218,"column":25},"end":{"line":218,"column":36}}},"29":{"name":"(anonymous_29)","line":223,"loc":{"start":{"line":223,"column":16},"end":{"line":223,"column":27}}},"30":{"name":"(anonymous_30)","line":228,"loc":{"start":{"line":228,"column":22},"end":{"line":228,"column":33}}},"31":{"name":"(anonymous_31)","line":235,"loc":{"start":{"line":235,"column":19},"end":{"line":235,"column":31}}},"32":{"name":"(anonymous_32)","line":239,"loc":{"start":{"line":239,"column":15},"end":{"line":239,"column":34}}},"33":{"name":"(anonymous_33)","line":243,"loc":{"start":{"line":243,"column":16},"end":{"line":243,"column":41}}}},"statementMap":{"1":{"start":{"line":2,"column":0},"end":{"line":4,"column":50}},"2":{"start":{"line":6,"column":0},"end":{"line":252,"column":1}},"3":{"start":{"line":7,"column":4},"end":{"line":7,"column":21}},"4":{"start":{"line":8,"column":4},"end":{"line":8,"column":24}},"5":{"start":{"line":9,"column":4},"end":{"line":9,"column":23}},"6":{"start":{"line":10,"column":4},"end":{"line":10,"column":23}},"7":{"start":{"line":11,"column":4},"end":{"line":15,"column":22}},"8":{"start":{"line":17,"column":4},"end":{"line":41,"column":5}},"9":{"start":{"line":19,"column":8},"end":{"line":19,"column":37}},"10":{"start":{"line":20,"column":8},"end":{"line":20,"column":60}},"11":{"start":{"line":21,"column":8},"end":{"line":21,"column":35}},"12":{"start":{"line":23,"column":8},"end":{"line":36,"column":9}},"13":{"start":{"line":24,"column":12},"end":{"line":24,"column":16}},"14":{"start":{"line":25,"column":12},"end":{"line":25,"column":32}},"15":{"start":{"line":26,"column":12},"end":{"line":32,"column":13}},"16":{"start":{"line":27,"column":16},"end":{"line":27,"column":62}},"17":{"start":{"line":28,"column":19},"end":{"line":32,"column":13}},"18":{"start":{"line":29,"column":16},"end":{"line":29,"column":75}},"19":{"start":{"line":30,"column":19},"end":{"line":32,"column":13}},"20":{"start":{"line":31,"column":16},"end":{"line":31,"column":88}},"21":{"start":{"line":33,"column":12},"end":{"line":35,"column":13}},"22":{"start":{"line":34,"column":16},"end":{"line":34,"column":22}},"23":{"start":{"line":38,"column":8},"end":{"line":38,"column":28}},"24":{"start":{"line":39,"column":8},"end":{"line":39,"column":30}},"25":{"start":{"line":40,"column":8},"end":{"line":40,"column":85}},"26":{"start":{"line":43,"column":4},"end":{"line":57,"column":5}},"27":{"start":{"line":44,"column":8},"end":{"line":56,"column":10}},"28":{"start":{"line":59,"column":4},"end":{"line":65,"column":5}},"29":{"start":{"line":60,"column":8},"end":{"line":64,"column":10}},"30":{"start":{"line":67,"column":4},"end":{"line":71,"column":5}},"31":{"start":{"line":68,"column":8},"end":{"line":70,"column":81}},"32":{"start":{"line":80,"column":4},"end":{"line":95,"column":6}},"33":{"start":{"line":81,"column":8},"end":{"line":81,"column":23}},"34":{"start":{"line":82,"column":8},"end":{"line":82,"column":28}},"35":{"start":{"line":83,"column":8},"end":{"line":87,"column":10}},"36":{"start":{"line":94,"column":8},"end":{"line":94,"column":31}},"37":{"start":{"line":99,"column":4},"end":{"line":106,"column":6}},"38":{"start":{"line":100,"column":8},"end":{"line":104,"column":9}},"39":{"start":{"line":101,"column":12},"end":{"line":101,"column":75}},"40":{"start":{"line":103,"column":12},"end":{"line":103,"column":71}},"41":{"start":{"line":105,"column":8},"end":{"line":105,"column":20}},"42":{"start":{"line":108,"column":4},"end":{"line":115,"column":6}},"43":{"start":{"line":109,"column":8},"end":{"line":113,"column":9}},"44":{"start":{"line":110,"column":12},"end":{"line":110,"column":76}},"45":{"start":{"line":112,"column":12},"end":{"line":112,"column":72}},"46":{"start":{"line":114,"column":8},"end":{"line":114,"column":20}},"47":{"start":{"line":117,"column":4},"end":{"line":120,"column":6}},"48":{"start":{"line":118,"column":8},"end":{"line":118,"column":76}},"49":{"start":{"line":119,"column":8},"end":{"line":119,"column":20}},"50":{"start":{"line":122,"column":4},"end":{"line":129,"column":6}},"51":{"start":{"line":123,"column":8},"end":{"line":127,"column":9}},"52":{"start":{"line":124,"column":12},"end":{"line":124,"column":73}},"53":{"start":{"line":126,"column":12},"end":{"line":126,"column":69}},"54":{"start":{"line":128,"column":8},"end":{"line":128,"column":20}},"55":{"start":{"line":131,"column":4},"end":{"line":134,"column":6}},"56":{"start":{"line":132,"column":8},"end":{"line":132,"column":73}},"57":{"start":{"line":133,"column":8},"end":{"line":133,"column":20}},"58":{"start":{"line":136,"column":4},"end":{"line":139,"column":6}},"59":{"start":{"line":137,"column":8},"end":{"line":137,"column":65}},"60":{"start":{"line":138,"column":8},"end":{"line":138,"column":20}},"61":{"start":{"line":141,"column":4},"end":{"line":144,"column":6}},"62":{"start":{"line":142,"column":8},"end":{"line":142,"column":67}},"63":{"start":{"line":143,"column":8},"end":{"line":143,"column":20}},"64":{"start":{"line":146,"column":4},"end":{"line":149,"column":6}},"65":{"start":{"line":147,"column":8},"end":{"line":147,"column":65}},"66":{"start":{"line":148,"column":8},"end":{"line":148,"column":20}},"67":{"start":{"line":151,"column":4},"end":{"line":154,"column":6}},"68":{"start":{"line":152,"column":8},"end":{"line":152,"column":72}},"69":{"start":{"line":153,"column":8},"end":{"line":153,"column":20}},"70":{"start":{"line":156,"column":4},"end":{"line":159,"column":6}},"71":{"start":{"line":157,"column":8},"end":{"line":157,"column":67}},"72":{"start":{"line":158,"column":8},"end":{"line":158,"column":20}},"73":{"start":{"line":161,"column":4},"end":{"line":164,"column":6}},"74":{"start":{"line":162,"column":8},"end":{"line":162,"column":79}},"75":{"start":{"line":163,"column":8},"end":{"line":163,"column":20}},"76":{"start":{"line":166,"column":4},"end":{"line":169,"column":6}},"77":{"start":{"line":167,"column":8},"end":{"line":167,"column":78}},"78":{"start":{"line":168,"column":8},"end":{"line":168,"column":20}},"79":{"start":{"line":171,"column":4},"end":{"line":174,"column":6}},"80":{"start":{"line":172,"column":8},"end":{"line":172,"column":75}},"81":{"start":{"line":173,"column":8},"end":{"line":173,"column":20}},"82":{"start":{"line":176,"column":4},"end":{"line":179,"column":6}},"83":{"start":{"line":177,"column":8},"end":{"line":177,"column":66}},"84":{"start":{"line":178,"column":8},"end":{"line":178,"column":20}},"85":{"start":{"line":181,"column":4},"end":{"line":184,"column":6}},"86":{"start":{"line":182,"column":8},"end":{"line":182,"column":72}},"87":{"start":{"line":183,"column":8},"end":{"line":183,"column":20}},"88":{"start":{"line":186,"column":4},"end":{"line":190,"column":6}},"89":{"start":{"line":187,"column":8},"end":{"line":187,"column":130}},"90":{"start":{"line":188,"column":8},"end":{"line":188,"column":87}},"91":{"start":{"line":189,"column":8},"end":{"line":189,"column":20}},"92":{"start":{"line":192,"column":4},"end":{"line":196,"column":6}},"93":{"start":{"line":193,"column":8},"end":{"line":193,"column":130}},"94":{"start":{"line":194,"column":8},"end":{"line":194,"column":84}},"95":{"start":{"line":195,"column":8},"end":{"line":195,"column":20}},"96":{"start":{"line":198,"column":4},"end":{"line":201,"column":6}},"97":{"start":{"line":199,"column":8},"end":{"line":199,"column":70}},"98":{"start":{"line":200,"column":8},"end":{"line":200,"column":20}},"99":{"start":{"line":203,"column":4},"end":{"line":206,"column":6}},"100":{"start":{"line":204,"column":8},"end":{"line":204,"column":73}},"101":{"start":{"line":205,"column":8},"end":{"line":205,"column":20}},"102":{"start":{"line":208,"column":4},"end":{"line":211,"column":6}},"103":{"start":{"line":209,"column":8},"end":{"line":209,"column":64}},"104":{"start":{"line":210,"column":8},"end":{"line":210,"column":20}},"105":{"start":{"line":213,"column":4},"end":{"line":216,"column":6}},"106":{"start":{"line":214,"column":8},"end":{"line":214,"column":65}},"107":{"start":{"line":215,"column":8},"end":{"line":215,"column":20}},"108":{"start":{"line":218,"column":4},"end":{"line":221,"column":6}},"109":{"start":{"line":219,"column":8},"end":{"line":219,"column":74}},"110":{"start":{"line":220,"column":8},"end":{"line":220,"column":20}},"111":{"start":{"line":223,"column":4},"end":{"line":226,"column":6}},"112":{"start":{"line":224,"column":8},"end":{"line":224,"column":65}},"113":{"start":{"line":225,"column":8},"end":{"line":225,"column":20}},"114":{"start":{"line":228,"column":4},"end":{"line":231,"column":6}},"115":{"start":{"line":229,"column":8},"end":{"line":229,"column":71}},"116":{"start":{"line":230,"column":8},"end":{"line":230,"column":20}},"117":{"start":{"line":235,"column":4},"end":{"line":237,"column":6}},"118":{"start":{"line":236,"column":8},"end":{"line":236,"column":30}},"119":{"start":{"line":239,"column":4},"end":{"line":241,"column":6}},"120":{"start":{"line":240,"column":8},"end":{"line":240,"column":57}},"121":{"start":{"line":243,"column":4},"end":{"line":251,"column":6}},"122":{"start":{"line":244,"column":8},"end":{"line":244,"column":19}},"123":{"start":{"line":245,"column":8},"end":{"line":245,"column":27}},"124":{"start":{"line":246,"column":8},"end":{"line":246,"column":96}},"125":{"start":{"line":247,"column":8},"end":{"line":247,"column":64}},"126":{"start":{"line":248,"column":8},"end":{"line":248,"column":27}},"127":{"start":{"line":249,"column":8},"end":{"line":249,"column":30}},"128":{"start":{"line":250,"column":8},"end":{"line":250,"column":20}},"129":{"start":{"line":254,"column":0},"end":{"line":254,"column":48}}},"branchMap":{"1":{"line":26,"type":"if","locations":[{"start":{"line":26,"column":12},"end":{"line":26,"column":12}},{"start":{"line":26,"column":12},"end":{"line":26,"column":12}}]},"2":{"line":28,"type":"if","locations":[{"start":{"line":28,"column":19},"end":{"line":28,"column":19}},{"start":{"line":28,"column":19},"end":{"line":28,"column":19}}]},"3":{"line":30,"type":"if","locations":[{"start":{"line":30,"column":19},"end":{"line":30,"column":19}},{"start":{"line":30,"column":19},"end":{"line":30,"column":19}}]},"4":{"line":33,"type":"if","locations":[{"start":{"line":33,"column":12},"end":{"line":33,"column":12}},{"start":{"line":33,"column":12},"end":{"line":33,"column":12}}]},"5":{"line":40,"type":"cond-expr","locations":[{"start":{"line":40,"column":72},"end":{"line":40,"column":76}},{"start":{"line":40,"column":79},"end":{"line":40,"column":84}}]},"6":{"line":40,"type":"binary-expr","locations":[{"start":{"line":40,"column":27},"end":{"line":40,"column":43}},{"start":{"line":40,"column":47},"end":{"line":40,"column":68}}]},"7":{"line":68,"type":"cond-expr","locations":[{"start":{"line":69,"column":14},"end":{"line":69,"column":106}},{"start":{"line":70,"column":14},"end":{"line":70,"column":80}}]},"8":{"line":100,"type":"if","locations":[{"start":{"line":100,"column":8},"end":{"line":100,"column":8}},{"start":{"line":100,"column":8},"end":{"line":100,"column":8}}]},"9":{"line":109,"type":"if","locations":[{"start":{"line":109,"column":8},"end":{"line":109,"column":8}},{"start":{"line":109,"column":8},"end":{"line":109,"column":8}}]},"10":{"line":123,"type":"if","locations":[{"start":{"line":123,"column":8},"end":{"line":123,"column":8}},{"start":{"line":123,"column":8},"end":{"line":123,"column":8}}]},"11":{"line":187,"type":"cond-expr","locations":[{"start":{"line":187,"column":91},"end":{"line":187,"column":96}},{"start":{"line":187,"column":99},"end":{"line":187,"column":129}}]},"12":{"line":187,"type":"binary-expr","locations":[{"start":{"line":187,"column":17},"end":{"line":187,"column":46}},{"start":{"line":187,"column":50},"end":{"line":187,"column":87}}]},"13":{"line":193,"type":"cond-expr","locations":[{"start":{"line":193,"column":91},"end":{"line":193,"column":96}},{"start":{"line":193,"column":99},"end":{"line":193,"column":129}}]},"14":{"line":193,"type":"binary-expr","locations":[{"start":{"line":193,"column":17},"end":{"line":193,"column":46}},{"start":{"line":193,"column":50},"end":{"line":193,"column":87}}]},"15":{"line":246,"type":"cond-expr","locations":[{"start":{"line":246,"column":66},"end":{"line":246,"column":87}},{"start":{"line":246,"column":90},"end":{"line":246,"column":95}}]},"16":{"line":246,"type":"binary-expr","locations":[{"start":{"line":246,"column":18},"end":{"line":246,"column":46}},{"start":{"line":246,"column":50},"end":{"line":246,"column":62}}]},"17":{"line":247,"type":"cond-expr","locations":[{"start":{"line":247,"column":52},"end":{"line":247,"column":54}},{"start":{"line":247,"column":57},"end":{"line":247,"column":63}}]}}},"/home/sysdev/development/valdi-es5/src/config.js":{"path":"/home/sysdev/development/valdi-es5/src/config.js","s":{"1":1,"2":1,"3":3,"4":3,"5":1,"6":2,"7":2,"8":1,"9":1,"10":1,"11":2,"12":1,"13":1,"14":9,"15":1,"16":1,"17":2,"18":1,"19":1},"b":{"1":[0,1],"2":[1,1],"3":[1,2],"4":[1,1],"5":[1,1],"6":[1,8],"7":[1,1]},"f":{"1":3},"fnMap":{"1":{"name":"updateVersion","line":13,"loc":{"start":{"line":13,"column":0},"end":{"line":13,"column":48}}}},"statementMap":{"1":{"start":{"line":3,"column":0},"end":{"line":11,"column":6}},"2":{"start":{"line":13,"column":0},"end":{"line":36,"column":1}},"3":{"start":{"line":14,"column":4},"end":{"line":14,"column":17}},"4":{"start":{"line":15,"column":4},"end":{"line":35,"column":5}},"5":{"start":{"line":16,"column":8},"end":{"line":16,"column":21}},"6":{"start":{"line":18,"column":8},"end":{"line":19,"column":76}},"7":{"start":{"line":20,"column":8},"end":{"line":25,"column":9}},"8":{"start":{"line":21,"column":12},"end":{"line":21,"column":47}},"9":{"start":{"line":23,"column":12},"end":{"line":23,"column":31}},"10":{"start":{"line":24,"column":12},"end":{"line":24,"column":65}},"11":{"start":{"line":26,"column":8},"end":{"line":33,"column":9}},"12":{"start":{"line":27,"column":12},"end":{"line":27,"column":46}},"13":{"start":{"line":29,"column":12},"end":{"line":31,"column":13}},"14":{"start":{"line":30,"column":16},"end":{"line":30,"column":89}},"15":{"start":{"line":30,"column":55},"end":{"line":30,"column":89}},"16":{"start":{"line":32,"column":12},"end":{"line":32,"column":62}},"17":{"start":{"line":34,"column":8},"end":{"line":34,"column":47}},"18":{"start":{"line":38,"column":0},"end":{"line":43,"column":2}},"19":{"start":{"line":45,"column":0},"end":{"line":45,"column":24}}},"branchMap":{"1":{"line":3,"type":"cond-expr","locations":[{"start":{"line":3,"column":81},"end":{"line":3,"column":85}},{"start":{"line":3,"column":88},"end":{"line":3,"column":93}}]},"2":{"line":3,"type":"binary-expr","locations":[{"start":{"line":3,"column":21},"end":{"line":3,"column":36}},{"start":{"line":3,"column":40},"end":{"line":3,"column":78}}]},"3":{"line":15,"type":"if","locations":[{"start":{"line":15,"column":4},"end":{"line":15,"column":4}},{"start":{"line":15,"column":4},"end":{"line":15,"column":4}}]},"4":{"line":20,"type":"if","locations":[{"start":{"line":20,"column":8},"end":{"line":20,"column":8}},{"start":{"line":20,"column":8},"end":{"line":20,"column":8}}]},"5":{"line":26,"type":"if","locations":[{"start":{"line":26,"column":8},"end":{"line":26,"column":8}},{"start":{"line":26,"column":8},"end":{"line":26,"column":8}}]},"6":{"line":30,"type":"if","locations":[{"start":{"line":30,"column":16},"end":{"line":30,"column":16}},{"start":{"line":30,"column":16},"end":{"line":30,"column":16}}]},"7":{"line":34,"type":"cond-expr","locations":[{"start":{"line":34,"column":36},"end":{"line":34,"column":40}},{"start":{"line":34,"column":43},"end":{"line":34,"column":46}}]}}},"/home/sysdev/development/valdi-es5/src/input-validator.js":{"path":"/home/sysdev/development/valdi-es5/src/input-validator.js","s":{"1":1,"2":1,"3":2,"4":2,"5":2,"6":1,"7":2,"8":154,"9":1,"10":154,"11":2,"12":16,"13":2,"14":16,"15":2,"16":10,"17":4,"18":10,"19":2,"20":25,"21":2,"22":6,"23":2,"24":27,"25":2,"26":170,"27":2,"28":19,"29":9,"30":10,"31":2,"32":16,"33":0,"34":16,"35":16,"36":2,"37":11,"38":11,"39":2,"40":17,"41":17,"42":15,"43":17,"44":4,"45":13,"46":4,"47":9,"48":9,"49":13,"50":12,"51":1,"52":2,"53":30,"54":2,"55":126,"56":102,"57":24,"58":13,"59":11,"60":2,"61":108,"62":106,"63":2,"64":2,"65":21,"66":20,"67":1,"68":2,"69":245,"70":2,"71":83,"72":2,"73":5,"74":2,"75":6,"76":2,"77":24,"78":3,"79":21,"80":21,"81":21,"82":2,"83":21,"84":3,"85":18,"86":18,"87":18,"88":2,"89":19,"90":8,"91":11,"92":2,"93":9,"94":0,"95":9,"96":2,"97":7,"98":2,"99":8,"100":4,"101":4,"102":0,"103":8,"104":8,"105":2,"106":8,"107":8,"108":8,"109":20,"110":8,"111":2,"112":2,"113":2,"114":2,"115":1,"116":1,"117":2,"118":57,"119":2,"120":4,"121":2,"122":4,"123":2,"124":5,"125":5,"126":2,"127":5,"128":5,"129":2,"130":17,"131":1,"132":1,"133":931,"134":1,"135":931,"136":1,"137":85,"138":1,"139":85,"140":1},"b":{"1":[1,153],"2":[154,1,1],"3":[2,14],"4":[16,2,2],"5":[16,13],"6":[4,6],"7":[10,4,4],"8":[10,6],"9":[25,22],"10":[9,18],"11":[9,10],"12":[19,15],"13":[0,16],"14":[3,13],"15":[16,13],"16":[7,4],"17":[15,2],"18":[4,13],"19":[4,9],"20":[0,9],"21":[12,1],"22":[0,12],"23":[30,5],"24":[102,24],"25":[13,11],"26":[106,2],"27":[20,1],"28":[5,4],"29":[6,4],"30":[3,21],"31":[24,21],"32":[20,1],"33":[21,6],"34":[21,0],"35":[21,2],"36":[3,18],"37":[21,19],"38":[17,1],"39":[18,5],"40":[18,0],"41":[18,2],"42":[8,11],"43":[2,9],"44":[0,9],"45":[4,4],"46":[0,4],"47":[3,5],"48":[8,0],"49":[1,1],"50":[2,1],"51":[21,36],"52":[1,930],"53":[1,84]},"f":{"1":2,"2":2,"3":1,"4":154,"5":16,"6":10,"7":25,"8":6,"9":27,"10":170,"11":19,"12":16,"13":11,"14":17,"15":30,"16":126,"17":108,"18":21,"19":245,"20":83,"21":5,"22":6,"23":24,"24":21,"25":19,"26":7,"27":8,"28":8,"29":2,"30":2,"31":57,"32":4,"33":4,"34":5,"35":5,"36":17,"37":931,"38":85},"fnMap":{"1":{"name":"InputValidator","line":27,"loc":{"start":{"line":27,"column":0},"end":{"line":27,"column":27}}},"2":{"name":"(anonymous_2)","line":29,"loc":{"start":{"line":29,"column":16},"end":{"line":29,"column":28}}},"3":{"name":"(anonymous_3)","line":34,"loc":{"start":{"line":34,"column":19},"end":{"line":34,"column":30}}},"4":{"name":"(anonymous_4)","line":38,"loc":{"start":{"line":38,"column":20},"end":{"line":38,"column":48}}},"5":{"name":"(anonymous_5)","line":46,"loc":{"start":{"line":46,"column":21},"end":{"line":46,"column":49}}},"6":{"name":"(anonymous_6)","line":54,"loc":{"start":{"line":54,"column":18},"end":{"line":54,"column":46}}},"7":{"name":"(anonymous_7)","line":62,"loc":{"start":{"line":62,"column":18},"end":{"line":62,"column":32}}},"8":{"name":"(anonymous_8)","line":66,"loc":{"start":{"line":66,"column":18},"end":{"line":66,"column":32}}},"9":{"name":"(anonymous_9)","line":70,"loc":{"start":{"line":70,"column":25},"end":{"line":70,"column":39}}},"10":{"name":"(anonymous_10)","line":74,"loc":{"start":{"line":74,"column":20},"end":{"line":74,"column":34}}},"11":{"name":"(anonymous_11)","line":78,"loc":{"start":{"line":78,"column":26},"end":{"line":78,"column":48}}},"12":{"name":"(anonymous_12)","line":86,"loc":{"start":{"line":86,"column":24},"end":{"line":86,"column":47}}},"13":{"name":"(anonymous_13)","line":95,"loc":{"start":{"line":95,"column":27},"end":{"line":95,"column":59}}},"14":{"name":"(anonymous_14)","line":100,"loc":{"start":{"line":100,"column":20},"end":{"line":100,"column":51}}},"15":{"name":"(anonymous_15)","line":121,"loc":{"start":{"line":121,"column":28},"end":{"line":121,"column":42}}},"16":{"name":"(anonymous_16)","line":126,"loc":{"start":{"line":126,"column":21},"end":{"line":126,"column":35}}},"17":{"name":"(anonymous_17)","line":136,"loc":{"start":{"line":136,"column":22},"end":{"line":136,"column":36}}},"18":{"name":"(anonymous_18)","line":144,"loc":{"start":{"line":144,"column":19},"end":{"line":144,"column":33}}},"19":{"name":"(anonymous_19)","line":152,"loc":{"start":{"line":152,"column":29},"end":{"line":152,"column":43}}},"20":{"name":"(anonymous_20)","line":156,"loc":{"start":{"line":156,"column":26},"end":{"line":156,"column":40}}},"21":{"name":"(anonymous_21)","line":160,"loc":{"start":{"line":160,"column":19},"end":{"line":160,"column":33}}},"22":{"name":"(anonymous_22)","line":164,"loc":{"start":{"line":164,"column":25},"end":{"line":164,"column":39}}},"23":{"name":"(anonymous_23)","line":168,"loc":{"start":{"line":168,"column":25},"end":{"line":168,"column":45}}},"24":{"name":"(anonymous_24)","line":187,"loc":{"start":{"line":187,"column":22},"end":{"line":187,"column":42}}},"25":{"name":"(anonymous_25)","line":197,"loc":{"start":{"line":197,"column":19},"end":{"line":197,"column":39}}},"26":{"name":"(anonymous_26)","line":209,"loc":{"start":{"line":209,"column":22},"end":{"line":209,"column":42}}},"27":{"name":"(anonymous_27)","line":213,"loc":{"start":{"line":213,"column":18},"end":{"line":213,"column":38}}},"28":{"name":"(anonymous_28)","line":224,"loc":{"start":{"line":224,"column":26},"end":{"line":224,"column":40}}},"29":{"name":"(anonymous_29)","line":230,"loc":{"start":{"line":230,"column":21},"end":{"line":230,"column":41}}},"30":{"name":"(anonymous_30)","line":234,"loc":{"start":{"line":234,"column":26},"end":{"line":234,"column":48}}},"31":{"name":"(anonymous_31)","line":239,"loc":{"start":{"line":239,"column":21},"end":{"line":239,"column":38}}},"32":{"name":"(anonymous_32)","line":243,"loc":{"start":{"line":243,"column":20},"end":{"line":243,"column":34}}},"33":{"name":"(anonymous_33)","line":249,"loc":{"start":{"line":249,"column":17},"end":{"line":249,"column":31}}},"34":{"name":"(anonymous_34)","line":255,"loc":{"start":{"line":255,"column":18},"end":{"line":255,"column":32}}},"35":{"name":"(anonymous_35)","line":260,"loc":{"start":{"line":260,"column":18},"end":{"line":260,"column":32}}},"36":{"name":"(anonymous_36)","line":265,"loc":{"start":{"line":265,"column":24},"end":{"line":265,"column":38}}},"37":{"name":"iv","line":274,"loc":{"start":{"line":274,"column":0},"end":{"line":274,"column":14}}},"38":{"name":"ins","line":281,"loc":{"start":{"line":281,"column":0},"end":{"line":281,"column":15}}}},"statementMap":{"1":{"start":{"line":2,"column":0},"end":{"line":24,"column":6}},"2":{"start":{"line":27,"column":0},"end":{"line":270,"column":1}},"3":{"start":{"line":29,"column":4},"end":{"line":32,"column":6}},"4":{"start":{"line":31,"column":8},"end":{"line":31,"column":20}},"5":{"start":{"line":34,"column":4},"end":{"line":36,"column":6}},"6":{"start":{"line":35,"column":8},"end":{"line":35,"column":30}},"7":{"start":{"line":38,"column":4},"end":{"line":44,"column":6}},"8":{"start":{"line":39,"column":8},"end":{"line":42,"column":9}},"9":{"start":{"line":41,"column":12},"end":{"line":41,"column":38}},"10":{"start":{"line":43,"column":8},"end":{"line":43,"column":39}},"11":{"start":{"line":46,"column":4},"end":{"line":52,"column":6}},"12":{"start":{"line":47,"column":8},"end":{"line":50,"column":9}},"13":{"start":{"line":49,"column":12},"end":{"line":49,"column":39}},"14":{"start":{"line":51,"column":8},"end":{"line":51,"column":75}},"15":{"start":{"line":54,"column":4},"end":{"line":60,"column":6}},"16":{"start":{"line":55,"column":8},"end":{"line":58,"column":9}},"17":{"start":{"line":57,"column":12},"end":{"line":57,"column":36}},"18":{"start":{"line":59,"column":8},"end":{"line":59,"column":75}},"19":{"start":{"line":62,"column":4},"end":{"line":64,"column":6}},"20":{"start":{"line":63,"column":8},"end":{"line":63,"column":45}},"21":{"start":{"line":66,"column":4},"end":{"line":68,"column":6}},"22":{"start":{"line":67,"column":8},"end":{"line":67,"column":28}},"23":{"start":{"line":70,"column":4},"end":{"line":72,"column":6}},"24":{"start":{"line":71,"column":8},"end":{"line":71,"column":60}},"25":{"start":{"line":74,"column":4},"end":{"line":76,"column":6}},"26":{"start":{"line":75,"column":8},"end":{"line":75,"column":39}},"27":{"start":{"line":78,"column":4},"end":{"line":84,"column":6}},"28":{"start":{"line":79,"column":8},"end":{"line":83,"column":9}},"29":{"start":{"line":80,"column":12},"end":{"line":80,"column":25}},"30":{"start":{"line":82,"column":12},"end":{"line":82,"column":76}},"31":{"start":{"line":86,"column":4},"end":{"line":93,"column":6}},"32":{"start":{"line":87,"column":8},"end":{"line":92,"column":9}},"33":{"start":{"line":88,"column":12},"end":{"line":88,"column":25}},"34":{"start":{"line":90,"column":12},"end":{"line":90,"column":39}},"35":{"start":{"line":91,"column":12},"end":{"line":91,"column":64}},"36":{"start":{"line":95,"column":4},"end":{"line":98,"column":6}},"37":{"start":{"line":96,"column":8},"end":{"line":96,"column":54}},"38":{"start":{"line":97,"column":8},"end":{"line":97,"column":46}},"39":{"start":{"line":100,"column":4},"end":{"line":119,"column":6}},"40":{"start":{"line":101,"column":8},"end":{"line":101,"column":21}},"41":{"start":{"line":102,"column":8},"end":{"line":104,"column":9}},"42":{"start":{"line":103,"column":12},"end":{"line":103,"column":32}},"43":{"start":{"line":105,"column":8},"end":{"line":107,"column":9}},"44":{"start":{"line":106,"column":12},"end":{"line":106,"column":25}},"45":{"start":{"line":108,"column":8},"end":{"line":113,"column":9}},"46":{"start":{"line":109,"column":12},"end":{"line":109,"column":37}},"47":{"start":{"line":111,"column":12},"end":{"line":111,"column":36}},"48":{"start":{"line":112,"column":12},"end":{"line":112,"column":42}},"49":{"start":{"line":114,"column":8},"end":{"line":118,"column":9}},"50":{"start":{"line":115,"column":12},"end":{"line":115,"column":52}},"51":{"start":{"line":117,"column":12},"end":{"line":117,"column":23}},"52":{"start":{"line":121,"column":4},"end":{"line":124,"column":6}},"53":{"start":{"line":122,"column":8},"end":{"line":123,"column":43}},"54":{"start":{"line":126,"column":4},"end":{"line":134,"column":6}},"55":{"start":{"line":127,"column":8},"end":{"line":133,"column":9}},"56":{"start":{"line":128,"column":12},"end":{"line":128,"column":40}},"57":{"start":{"line":129,"column":15},"end":{"line":133,"column":9}},"58":{"start":{"line":130,"column":12},"end":{"line":130,"column":37}},"59":{"start":{"line":132,"column":12},"end":{"line":132,"column":23}},"60":{"start":{"line":136,"column":4},"end":{"line":142,"column":6}},"61":{"start":{"line":137,"column":8},"end":{"line":141,"column":9}},"62":{"start":{"line":138,"column":12},"end":{"line":138,"column":33}},"63":{"start":{"line":140,"column":12},"end":{"line":140,"column":23}},"64":{"start":{"line":144,"column":4},"end":{"line":150,"column":6}},"65":{"start":{"line":145,"column":8},"end":{"line":149,"column":9}},"66":{"start":{"line":146,"column":12},"end":{"line":146,"column":35}},"67":{"start":{"line":148,"column":12},"end":{"line":148,"column":23}},"68":{"start":{"line":152,"column":4},"end":{"line":154,"column":6}},"69":{"start":{"line":153,"column":8},"end":{"line":153,"column":47}},"70":{"start":{"line":156,"column":4},"end":{"line":158,"column":6}},"71":{"start":{"line":157,"column":8},"end":{"line":157,"column":49}},"72":{"start":{"line":160,"column":4},"end":{"line":162,"column":6}},"73":{"start":{"line":161,"column":8},"end":{"line":161,"column":60}},"74":{"start":{"line":164,"column":4},"end":{"line":166,"column":6}},"75":{"start":{"line":165,"column":8},"end":{"line":165,"column":54}},"76":{"start":{"line":168,"column":4},"end":{"line":185,"column":6}},"77":{"start":{"line":169,"column":8},"end":{"line":172,"column":9}},"78":{"start":{"line":171,"column":12},"end":{"line":171,"column":25}},"79":{"start":{"line":173,"column":8},"end":{"line":173,"column":94}},"80":{"start":{"line":174,"column":8},"end":{"line":174,"column":98}},"81":{"start":{"line":184,"column":8},"end":{"line":184,"column":28}},"82":{"start":{"line":187,"column":4},"end":{"line":195,"column":6}},"83":{"start":{"line":188,"column":8},"end":{"line":191,"column":9}},"84":{"start":{"line":190,"column":12},"end":{"line":190,"column":25}},"85":{"start":{"line":192,"column":8},"end":{"line":192,"column":94}},"86":{"start":{"line":193,"column":8},"end":{"line":193,"column":98}},"87":{"start":{"line":194,"column":8},"end":{"line":194,"column":28}},"88":{"start":{"line":197,"column":4},"end":{"line":207,"column":6}},"89":{"start":{"line":198,"column":8},"end":{"line":206,"column":9}},"90":{"start":{"line":199,"column":12},"end":{"line":199,"column":24}},"91":{"start":{"line":200,"column":15},"end":{"line":206,"column":9}},"92":{"start":{"line":201,"column":12},"end":{"line":201,"column":24}},"93":{"start":{"line":202,"column":15},"end":{"line":206,"column":9}},"94":{"start":{"line":203,"column":12},"end":{"line":203,"column":24}},"95":{"start":{"line":205,"column":12},"end":{"line":205,"column":25}},"96":{"start":{"line":209,"column":4},"end":{"line":211,"column":6}},"97":{"start":{"line":210,"column":8},"end":{"line":210,"column":40}},"98":{"start":{"line":213,"column":4},"end":{"line":222,"column":6}},"99":{"start":{"line":214,"column":8},"end":{"line":219,"column":9}},"100":{"start":{"line":215,"column":12},"end":{"line":215,"column":39}},"101":{"start":{"line":216,"column":12},"end":{"line":218,"column":13}},"102":{"start":{"line":217,"column":16},"end":{"line":217,"column":26}},"103":{"start":{"line":220,"column":8},"end":{"line":220,"column":43}},"104":{"start":{"line":221,"column":8},"end":{"line":221,"column":39}},"105":{"start":{"line":224,"column":4},"end":{"line":228,"column":6}},"106":{"start":{"line":225,"column":8},"end":{"line":225,"column":20}},"107":{"start":{"line":226,"column":8},"end":{"line":226,"column":60}},"108":{"start":{"line":226,"column":22},"end":{"line":226,"column":60}},"109":{"start":{"line":226,"column":42},"end":{"line":226,"column":60}},"110":{"start":{"line":227,"column":8},"end":{"line":227,"column":18}},"111":{"start":{"line":230,"column":4},"end":{"line":232,"column":6}},"112":{"start":{"line":231,"column":8},"end":{"line":231,"column":39}},"113":{"start":{"line":234,"column":4},"end":{"line":237,"column":6}},"114":{"start":{"line":235,"column":8},"end":{"line":235,"column":72}},"115":{"start":{"line":235,"column":59},"end":{"line":235,"column":72}},"116":{"start":{"line":236,"column":8},"end":{"line":236,"column":59}},"117":{"start":{"line":239,"column":4},"end":{"line":241,"column":6}},"118":{"start":{"line":240,"column":8},"end":{"line":240,"column":79}},"119":{"start":{"line":243,"column":4},"end":{"line":247,"column":6}},"120":{"start":{"line":244,"column":8},"end":{"line":246,"column":10}},"121":{"start":{"line":249,"column":4},"end":{"line":253,"column":6}},"122":{"start":{"line":250,"column":8},"end":{"line":252,"column":10}},"123":{"start":{"line":255,"column":4},"end":{"line":258,"column":6}},"124":{"start":{"line":256,"column":8},"end":{"line":256,"column":49}},"125":{"start":{"line":257,"column":8},"end":{"line":257,"column":30}},"126":{"start":{"line":260,"column":4},"end":{"line":263,"column":6}},"127":{"start":{"line":261,"column":8},"end":{"line":261,"column":49}},"128":{"start":{"line":262,"column":8},"end":{"line":262,"column":30}},"129":{"start":{"line":265,"column":4},"end":{"line":269,"column":6}},"130":{"start":{"line":266,"column":8},"end":{"line":268,"column":10}},"131":{"start":{"line":272,"column":0},"end":{"line":273,"column":16}},"132":{"start":{"line":274,"column":0},"end":{"line":279,"column":1}},"133":{"start":{"line":275,"column":4},"end":{"line":277,"column":5}},"134":{"start":{"line":276,"column":8},"end":{"line":276,"column":44}},"135":{"start":{"line":278,"column":4},"end":{"line":278,"column":15}},"136":{"start":{"line":281,"column":0},"end":{"line":286,"column":1}},"137":{"start":{"line":282,"column":4},"end":{"line":284,"column":5}},"138":{"start":{"line":283,"column":8},"end":{"line":283,"column":25}},"139":{"start":{"line":285,"column":4},"end":{"line":285,"column":16}},"140":{"start":{"line":288,"column":0},"end":{"line":288,"column":47}}},"branchMap":{"1":{"line":39,"type":"if","locations":[{"start":{"line":39,"column":8},"end":{"line":39,"column":8}},{"start":{"line":39,"column":8},"end":{"line":39,"column":8}}]},"2":{"line":39,"type":"binary-expr","locations":[{"start":{"line":39,"column":12},"end":{"line":39,"column":47}},{"start":{"line":40,"column":15},"end":{"line":40,"column":36}},{"start":{"line":40,"column":40},"end":{"line":40,"column":66}}]},"3":{"line":47,"type":"if","locations":[{"start":{"line":47,"column":8},"end":{"line":47,"column":8}},{"start":{"line":47,"column":8},"end":{"line":47,"column":8}}]},"4":{"line":47,"type":"binary-expr","locations":[{"start":{"line":47,"column":12},"end":{"line":47,"column":47}},{"start":{"line":48,"column":15},"end":{"line":48,"column":36}},{"start":{"line":48,"column":40},"end":{"line":48,"column":67}}]},"5":{"line":51,"type":"binary-expr","locations":[{"start":{"line":51,"column":15},"end":{"line":51,"column":33}},{"start":{"line":51,"column":37},"end":{"line":51,"column":74}}]},"6":{"line":55,"type":"if","locations":[{"start":{"line":55,"column":8},"end":{"line":55,"column":8}},{"start":{"line":55,"column":8},"end":{"line":55,"column":8}}]},"7":{"line":55,"type":"binary-expr","locations":[{"start":{"line":55,"column":12},"end":{"line":55,"column":47}},{"start":{"line":56,"column":15},"end":{"line":56,"column":36}},{"start":{"line":56,"column":40},"end":{"line":56,"column":64}}]},"8":{"line":59,"type":"binary-expr","locations":[{"start":{"line":59,"column":15},"end":{"line":59,"column":33}},{"start":{"line":59,"column":37},"end":{"line":59,"column":74}}]},"9":{"line":63,"type":"binary-expr","locations":[{"start":{"line":63,"column":15},"end":{"line":63,"column":27}},{"start":{"line":63,"column":31},"end":{"line":63,"column":44}}]},"10":{"line":71,"type":"cond-expr","locations":[{"start":{"line":71,"column":47},"end":{"line":71,"column":52}},{"start":{"line":71,"column":55},"end":{"line":71,"column":59}}]},"11":{"line":79,"type":"if","locations":[{"start":{"line":79,"column":8},"end":{"line":79,"column":8}},{"start":{"line":79,"column":8},"end":{"line":79,"column":8}}]},"12":{"line":79,"type":"binary-expr","locations":[{"start":{"line":79,"column":12},"end":{"line":79,"column":31}},{"start":{"line":79,"column":35},"end":{"line":79,"column":62}}]},"13":{"line":87,"type":"if","locations":[{"start":{"line":87,"column":8},"end":{"line":87,"column":8}},{"start":{"line":87,"column":8},"end":{"line":87,"column":8}}]},"14":{"line":91,"type":"cond-expr","locations":[{"start":{"line":91,"column":43},"end":{"line":91,"column":48}},{"start":{"line":91,"column":51},"end":{"line":91,"column":63}}]},"15":{"line":91,"type":"binary-expr","locations":[{"start":{"line":91,"column":20},"end":{"line":91,"column":30}},{"start":{"line":91,"column":34},"end":{"line":91,"column":39}}]},"16":{"line":97,"type":"cond-expr","locations":[{"start":{"line":97,"column":33},"end":{"line":97,"column":37}},{"start":{"line":97,"column":40},"end":{"line":97,"column":45}}]},"17":{"line":102,"type":"if","locations":[{"start":{"line":102,"column":8},"end":{"line":102,"column":8}},{"start":{"line":102,"column":8},"end":{"line":102,"column":8}}]},"18":{"line":105,"type":"if","locations":[{"start":{"line":105,"column":8},"end":{"line":105,"column":8}},{"start":{"line":105,"column":8},"end":{"line":105,"column":8}}]},"19":{"line":108,"type":"if","locations":[{"start":{"line":108,"column":8},"end":{"line":108,"column":8}},{"start":{"line":108,"column":8},"end":{"line":108,"column":8}}]},"20":{"line":112,"type":"cond-expr","locations":[{"start":{"line":112,"column":30},"end":{"line":112,"column":32}},{"start":{"line":112,"column":35},"end":{"line":112,"column":41}}]},"21":{"line":114,"type":"if","locations":[{"start":{"line":114,"column":8},"end":{"line":114,"column":8}},{"start":{"line":114,"column":8},"end":{"line":114,"column":8}}]},"22":{"line":115,"type":"cond-expr","locations":[{"start":{"line":115,"column":40},"end":{"line":115,"column":45}},{"start":{"line":115,"column":48},"end":{"line":115,"column":51}}]},"23":{"line":122,"type":"binary-expr","locations":[{"start":{"line":122,"column":15},"end":{"line":122,"column":39}},{"start":{"line":123,"column":15},"end":{"line":123,"column":42}}]},"24":{"line":127,"type":"if","locations":[{"start":{"line":127,"column":8},"end":{"line":127,"column":8}},{"start":{"line":127,"column":8},"end":{"line":127,"column":8}}]},"25":{"line":129,"type":"if","locations":[{"start":{"line":129,"column":15},"end":{"line":129,"column":15}},{"start":{"line":129,"column":15},"end":{"line":129,"column":15}}]},"26":{"line":137,"type":"if","locations":[{"start":{"line":137,"column":8},"end":{"line":137,"column":8}},{"start":{"line":137,"column":8},"end":{"line":137,"column":8}}]},"27":{"line":145,"type":"if","locations":[{"start":{"line":145,"column":8},"end":{"line":145,"column":8}},{"start":{"line":145,"column":8},"end":{"line":145,"column":8}}]},"28":{"line":161,"type":"binary-expr","locations":[{"start":{"line":161,"column":15},"end":{"line":161,"column":33}},{"start":{"line":161,"column":37},"end":{"line":161,"column":59}}]},"29":{"line":165,"type":"binary-expr","locations":[{"start":{"line":165,"column":15},"end":{"line":165,"column":33}},{"start":{"line":165,"column":37},"end":{"line":165,"column":53}}]},"30":{"line":169,"type":"if","locations":[{"start":{"line":169,"column":8},"end":{"line":169,"column":8}},{"start":{"line":169,"column":8},"end":{"line":169,"column":8}}]},"31":{"line":169,"type":"binary-expr","locations":[{"start":{"line":169,"column":12},"end":{"line":169,"column":41}},{"start":{"line":170,"column":15},"end":{"line":170,"column":45}}]},"32":{"line":173,"type":"cond-expr","locations":[{"start":{"line":173,"column":68},"end":{"line":173,"column":87}},{"start":{"line":173,"column":90},"end":{"line":173,"column":93}}]},"33":{"line":173,"type":"binary-expr","locations":[{"start":{"line":173,"column":16},"end":{"line":173,"column":34}},{"start":{"line":173,"column":38},"end":{"line":173,"column":64}}]},"34":{"line":174,"type":"cond-expr","locations":[{"start":{"line":174,"column":70},"end":{"line":174,"column":90}},{"start":{"line":174,"column":93},"end":{"line":174,"column":97}}]},"35":{"line":174,"type":"binary-expr","locations":[{"start":{"line":174,"column":16},"end":{"line":174,"column":35}},{"start":{"line":174,"column":39},"end":{"line":174,"column":66}}]},"36":{"line":188,"type":"if","locations":[{"start":{"line":188,"column":8},"end":{"line":188,"column":8}},{"start":{"line":188,"column":8},"end":{"line":188,"column":8}}]},"37":{"line":188,"type":"binary-expr","locations":[{"start":{"line":188,"column":12},"end":{"line":188,"column":41}},{"start":{"line":189,"column":15},"end":{"line":189,"column":45}}]},"38":{"line":192,"type":"cond-expr","locations":[{"start":{"line":192,"column":68},"end":{"line":192,"column":87}},{"start":{"line":192,"column":90},"end":{"line":192,"column":93}}]},"39":{"line":192,"type":"binary-expr","locations":[{"start":{"line":192,"column":16},"end":{"line":192,"column":34}},{"start":{"line":192,"column":38},"end":{"line":192,"column":64}}]},"40":{"line":193,"type":"cond-expr","locations":[{"start":{"line":193,"column":70},"end":{"line":193,"column":90}},{"start":{"line":193,"column":93},"end":{"line":193,"column":97}}]},"41":{"line":193,"type":"binary-expr","locations":[{"start":{"line":193,"column":16},"end":{"line":193,"column":35}},{"start":{"line":193,"column":39},"end":{"line":193,"column":66}}]},"42":{"line":198,"type":"if","locations":[{"start":{"line":198,"column":8},"end":{"line":198,"column":8}},{"start":{"line":198,"column":8},"end":{"line":198,"column":8}}]},"43":{"line":200,"type":"if","locations":[{"start":{"line":200,"column":15},"end":{"line":200,"column":15}},{"start":{"line":200,"column":15},"end":{"line":200,"column":15}}]},"44":{"line":202,"type":"if","locations":[{"start":{"line":202,"column":15},"end":{"line":202,"column":15}},{"start":{"line":202,"column":15},"end":{"line":202,"column":15}}]},"45":{"line":214,"type":"if","locations":[{"start":{"line":214,"column":8},"end":{"line":214,"column":8}},{"start":{"line":214,"column":8},"end":{"line":214,"column":8}}]},"46":{"line":216,"type":"if","locations":[{"start":{"line":216,"column":12},"end":{"line":216,"column":12}},{"start":{"line":216,"column":12},"end":{"line":216,"column":12}}]},"47":{"line":221,"type":"cond-expr","locations":[{"start":{"line":221,"column":26},"end":{"line":221,"column":31}},{"start":{"line":221,"column":34},"end":{"line":221,"column":38}}]},"48":{"line":226,"type":"if","locations":[{"start":{"line":226,"column":8},"end":{"line":226,"column":8}},{"start":{"line":226,"column":8},"end":{"line":226,"column":8}}]},"49":{"line":235,"type":"if","locations":[{"start":{"line":235,"column":8},"end":{"line":235,"column":8}},{"start":{"line":235,"column":8},"end":{"line":235,"column":8}}]},"50":{"line":235,"type":"binary-expr","locations":[{"start":{"line":235,"column":12},"end":{"line":235,"column":31}},{"start":{"line":235,"column":35},"end":{"line":235,"column":57}}]},"51":{"line":240,"type":"cond-expr","locations":[{"start":{"line":240,"column":41},"end":{"line":240,"column":70}},{"start":{"line":240,"column":73},"end":{"line":240,"column":78}}]},"52":{"line":275,"type":"if","locations":[{"start":{"line":275,"column":4},"end":{"line":275,"column":4}},{"start":{"line":275,"column":4},"end":{"line":275,"column":4}}]},"53":{"line":282,"type":"if","locations":[{"start":{"line":282,"column":4},"end":{"line":282,"column":4}},{"start":{"line":282,"column":4},"end":{"line":282,"column":4}}]}}},"/home/sysdev/development/valdi-es5/src/inspector.js":{"path":"/home/sysdev/development/valdi-es5/src/inspector.js","s":{"1":1,"2":1,"3":1,"4":197,"5":1,"6":21,"7":1,"8":2,"9":1,"10":172,"11":172,"12":14,"13":172,"14":1,"15":2,"16":1,"17":1,"18":1,"19":1,"20":1,"21":1,"22":1},"b":{"1":[0,197],"2":[12,185],"3":[2,19],"4":[14,158],"5":[1,0]},"f":{"1":1,"2":197,"3":21,"4":2,"5":172,"6":2,"7":1,"8":1},"fnMap":{"1":{"name":"_Inspector","line":5,"loc":{"start":{"line":5,"column":0},"end":{"line":5,"column":23}}},"2":{"name":"(anonymous_2)","line":6,"loc":{"start":{"line":6,"column":19},"end":{"line":6,"column":37}}},"3":{"name":"(anonymous_3)","line":9,"loc":{"start":{"line":9,"column":25},"end":{"line":9,"column":39}}},"4":{"name":"(anonymous_4)","line":12,"loc":{"start":{"line":12,"column":16},"end":{"line":12,"column":34}}},"5":{"name":"(anonymous_5)","line":15,"loc":{"start":{"line":15,"column":16},"end":{"line":15,"column":34}}},"6":{"name":"(anonymous_6)","line":20,"loc":{"start":{"line":20,"column":16},"end":{"line":20,"column":28}}},"7":{"name":"(anonymous_7)","line":24,"loc":{"start":{"line":24,"column":19},"end":{"line":24,"column":30}}},"8":{"name":"_self","line":29,"loc":{"start":{"line":29,"column":0},"end":{"line":29,"column":17}}}},"statementMap":{"1":{"start":{"line":2,"column":0},"end":{"line":3,"column":22}},"2":{"start":{"line":5,"column":0},"end":{"line":27,"column":1}},"3":{"start":{"line":6,"column":4},"end":{"line":8,"column":6}},"4":{"start":{"line":7,"column":8},"end":{"line":7,"column":105}},"5":{"start":{"line":9,"column":4},"end":{"line":11,"column":6}},"6":{"start":{"line":10,"column":8},"end":{"line":10,"column":74}},"7":{"start":{"line":12,"column":4},"end":{"line":14,"column":6}},"8":{"start":{"line":13,"column":8},"end":{"line":13,"column":37}},"9":{"start":{"line":15,"column":4},"end":{"line":19,"column":6}},"10":{"start":{"line":16,"column":8},"end":{"line":16,"column":40}},"11":{"start":{"line":17,"column":8},"end":{"line":17,"column":64}},"12":{"start":{"line":17,"column":30},"end":{"line":17,"column":64}},"13":{"start":{"line":18,"column":8},"end":{"line":18,"column":19}},"14":{"start":{"line":20,"column":4},"end":{"line":23,"column":6}},"15":{"start":{"line":22,"column":8},"end":{"line":22,"column":20}},"16":{"start":{"line":24,"column":4},"end":{"line":26,"column":6}},"17":{"start":{"line":25,"column":8},"end":{"line":25,"column":30}},"18":{"start":{"line":29,"column":0},"end":{"line":34,"column":1}},"19":{"start":{"line":30,"column":4},"end":{"line":32,"column":5}},"20":{"start":{"line":31,"column":8},"end":{"line":31,"column":46}},"21":{"start":{"line":33,"column":4},"end":{"line":33,"column":21}},"22":{"start":{"line":36,"column":0},"end":{"line":36,"column":34}}},"branchMap":{"1":{"line":7,"type":"cond-expr","locations":[{"start":{"line":7,"column":34},"end":{"line":7,"column":40}},{"start":{"line":7,"column":43},"end":{"line":7,"column":104}}]},"2":{"line":7,"type":"cond-expr","locations":[{"start":{"line":7,"column":76},"end":{"line":7,"column":87}},{"start":{"line":7,"column":90},"end":{"line":7,"column":104}}]},"3":{"line":10,"type":"cond-expr","locations":[{"start":{"line":10,"column":48},"end":{"line":10,"column":50}},{"start":{"line":10,"column":53},"end":{"line":10,"column":73}}]},"4":{"line":17,"type":"if","locations":[{"start":{"line":17,"column":8},"end":{"line":17,"column":8}},{"start":{"line":17,"column":8},"end":{"line":17,"column":8}}]},"5":{"line":30,"type":"if","locations":[{"start":{"line":30,"column":4},"end":{"line":30,"column":4}},{"start":{"line":30,"column":4},"end":{"line":30,"column":4}}]}}},"/home/sysdev/development/valdi-es5/src/string-tool.js":{"path":"/home/sysdev/development/valdi-es5/src/string-tool.js","s":{"1":1,"2":1,"3":1,"4":1,"5":1,"6":1,"7":1,"8":24,"9":1,"10":1,"11":1,"12":1,"13":1,"14":1,"15":1,"16":1,"17":1,"18":1,"19":1,"20":1,"21":1,"22":1,"23":1,"24":3,"25":2,"26":3,"27":3,"28":5,"29":3,"30":1,"31":11,"32":11,"33":11,"34":1,"35":22,"36":1},"b":{"1":[2,1],"2":[11,1]},"f":{"1":1,"2":1,"3":1,"4":24,"5":1,"6":1,"7":1,"8":1,"9":1,"10":1,"11":1,"12":3,"13":11,"14":22},"fnMap":{"1":{"name":"StringTool","line":7,"loc":{"start":{"line":7,"column":0},"end":{"line":7,"column":23}}},"2":{"name":"(anonymous_2)","line":9,"loc":{"start":{"line":9,"column":16},"end":{"line":9,"column":28}}},"3":{"name":"(anonymous_3)","line":13,"loc":{"start":{"line":13,"column":19},"end":{"line":13,"column":30}}},"4":{"name":"(anonymous_4)","line":16,"loc":{"start":{"line":16,"column":16},"end":{"line":16,"column":32}}},"5":{"name":"(anonymous_5)","line":20,"loc":{"start":{"line":20,"column":17},"end":{"line":20,"column":33}}},"6":{"name":"(anonymous_6)","line":24,"loc":{"start":{"line":24,"column":17},"end":{"line":24,"column":33}}},"7":{"name":"(anonymous_7)","line":28,"loc":{"start":{"line":28,"column":16},"end":{"line":28,"column":32}}},"8":{"name":"(anonymous_8)","line":32,"loc":{"start":{"line":32,"column":17},"end":{"line":32,"column":33}}},"9":{"name":"(anonymous_9)","line":36,"loc":{"start":{"line":36,"column":17},"end":{"line":36,"column":33}}},"10":{"name":"(anonymous_10)","line":40,"loc":{"start":{"line":40,"column":15},"end":{"line":40,"column":31}}},"11":{"name":"(anonymous_11)","line":44,"loc":{"start":{"line":44,"column":16},"end":{"line":44,"column":32}}},"12":{"name":"(anonymous_12)","line":48,"loc":{"start":{"line":48,"column":22},"end":{"line":48,"column":58}}},"13":{"name":"(anonymous_13)","line":55,"loc":{"start":{"line":55,"column":27},"end":{"line":55,"column":54}}},"14":{"name":"(anonymous_14)","line":61,"loc":{"start":{"line":61,"column":21},"end":{"line":61,"column":38}}}},"statementMap":{"1":{"start":{"line":2,"column":0},"end":{"line":5,"column":39}},"2":{"start":{"line":7,"column":0},"end":{"line":64,"column":1}},"3":{"start":{"line":9,"column":4},"end":{"line":12,"column":6}},"4":{"start":{"line":11,"column":8},"end":{"line":11,"column":20}},"5":{"start":{"line":13,"column":4},"end":{"line":15,"column":6}},"6":{"start":{"line":14,"column":8},"end":{"line":14,"column":30}},"7":{"start":{"line":16,"column":4},"end":{"line":18,"column":6}},"8":{"start":{"line":17,"column":8},"end":{"line":17,"column":45}},"9":{"start":{"line":20,"column":4},"end":{"line":22,"column":6}},"10":{"start":{"line":21,"column":8},"end":{"line":21,"column":52}},"11":{"start":{"line":24,"column":4},"end":{"line":26,"column":6}},"12":{"start":{"line":25,"column":8},"end":{"line":25,"column":52}},"13":{"start":{"line":28,"column":4},"end":{"line":30,"column":6}},"14":{"start":{"line":29,"column":8},"end":{"line":29,"column":58}},"15":{"start":{"line":32,"column":4},"end":{"line":34,"column":6}},"16":{"start":{"line":33,"column":8},"end":{"line":33,"column":52}},"17":{"start":{"line":36,"column":4},"end":{"line":38,"column":6}},"18":{"start":{"line":37,"column":8},"end":{"line":37,"column":52}},"19":{"start":{"line":40,"column":4},"end":{"line":42,"column":6}},"20":{"start":{"line":41,"column":8},"end":{"line":41,"column":37}},"21":{"start":{"line":44,"column":4},"end":{"line":46,"column":6}},"22":{"start":{"line":45,"column":8},"end":{"line":45,"column":38}},"23":{"start":{"line":48,"column":4},"end":{"line":53,"column":6}},"24":{"start":{"line":49,"column":8},"end":{"line":49,"column":81}},"25":{"start":{"line":49,"column":55},"end":{"line":49,"column":81}},"26":{"start":{"line":50,"column":8},"end":{"line":50,"column":35}},"27":{"start":{"line":51,"column":8},"end":{"line":51,"column":91}},"28":{"start":{"line":51,"column":28},"end":{"line":51,"column":91}},"29":{"start":{"line":52,"column":8},"end":{"line":52,"column":22}},"30":{"start":{"line":55,"column":4},"end":{"line":59,"column":6}},"31":{"start":{"line":56,"column":8},"end":{"line":56,"column":38}},"32":{"start":{"line":57,"column":8},"end":{"line":57,"column":46}},"33":{"start":{"line":58,"column":8},"end":{"line":58,"column":81}},"34":{"start":{"line":61,"column":4},"end":{"line":63,"column":6}},"35":{"start":{"line":62,"column":8},"end":{"line":62,"column":45}},"36":{"start":{"line":66,"column":0},"end":{"line":66,"column":43}}},"branchMap":{"1":{"line":49,"type":"if","locations":[{"start":{"line":49,"column":8},"end":{"line":49,"column":8}},{"start":{"line":49,"column":8},"end":{"line":49,"column":8}}]},"2":{"line":58,"type":"binary-expr","locations":[{"start":{"line":58,"column":16},"end":{"line":58,"column":66}},{"start":{"line":58,"column":70},"end":{"line":58,"column":72}}]}}},"/home/sysdev/development/valdi-es5/src/html-entities.js":{"path":"/home/sysdev/development/valdi-es5/src/html-entities.js","s":{"1":1,"2":12,"3":285,"4":1,"5":12,"6":249,"7":1,"8":1,"9":4,"10":0,"11":4,"12":1,"13":12,"14":1,"15":12,"16":1},"b":{"1":[0,4]},"f":{"1":12,"2":285,"3":12,"4":249,"5":1,"6":4,"7":12,"8":12},"fnMap":{"1":{"name":"(anonymous_1)","line":7,"loc":{"start":{"line":7,"column":34},"end":{"line":7,"column":45}}},"2":{"name":"(anonymous_2)","line":8,"loc":{"start":{"line":8,"column":31},"end":{"line":8,"column":43}}},"3":{"name":"(anonymous_3)","line":18,"loc":{"start":{"line":18,"column":36},"end":{"line":18,"column":53}}},"4":{"name":"(anonymous_4)","line":19,"loc":{"start":{"line":19,"column":42},"end":{"line":19,"column":54}}},"5":{"name":"HtmlEntities","line":24,"loc":{"start":{"line":24,"column":0},"end":{"line":24,"column":24}}},"6":{"name":"(anonymous_6)","line":26,"loc":{"start":{"line":26,"column":19},"end":{"line":26,"column":37}}},"7":{"name":"(anonymous_7)","line":33,"loc":{"start":{"line":33,"column":18},"end":{"line":33,"column":35}}},"8":{"name":"(anonymous_8)","line":36,"loc":{"start":{"line":36,"column":18},"end":{"line":36,"column":35}}}},"statementMap":{"1":{"start":{"line":7,"column":0},"end":{"line":11,"column":2}},"2":{"start":{"line":8,"column":4},"end":{"line":10,"column":7}},"3":{"start":{"line":9,"column":8},"end":{"line":9,"column":44}},"4":{"start":{"line":18,"column":0},"end":{"line":22,"column":2}},"5":{"start":{"line":19,"column":4},"end":{"line":21,"column":7}},"6":{"start":{"line":20,"column":8},"end":{"line":20,"column":56}},"7":{"start":{"line":24,"column":0},"end":{"line":39,"column":1}},"8":{"start":{"line":26,"column":4},"end":{"line":32,"column":6}},"9":{"start":{"line":27,"column":8},"end":{"line":31,"column":9}},"10":{"start":{"line":28,"column":12},"end":{"line":28,"column":25}},"11":{"start":{"line":30,"column":12},"end":{"line":30,"column":63}},"12":{"start":{"line":33,"column":4},"end":{"line":35,"column":6}},"13":{"start":{"line":34,"column":8},"end":{"line":34,"column":53}},"14":{"start":{"line":36,"column":4},"end":{"line":38,"column":6}},"15":{"start":{"line":37,"column":8},"end":{"line":37,"column":61}},"16":{"start":{"line":41,"column":0},"end":{"line":41,"column":36}}},"branchMap":{"1":{"line":27,"type":"if","locations":[{"start":{"line":27,"column":8},"end":{"line":27,"column":8}},{"start":{"line":27,"column":8},"end":{"line":27,"column":8}}]}}},"/home/sysdev/development/valdi-es5/src/validator-expression.js":{"path":"/home/sysdev/development/valdi-es5/src/validator-expression.js","s":{"1":1,"2":1,"3":14,"4":14,"5":14,"6":14,"7":14,"8":14,"9":14,"10":14,"11":14,"12":14,"13":14,"14":26,"15":1,"16":25,"17":3,"18":25,"19":26,"20":14,"21":13,"22":1,"23":12,"24":12,"25":1,"26":11,"27":13,"28":14,"29":9,"30":6,"31":9,"32":14,"33":14,"34":1,"35":13,"36":13,"37":28,"38":13,"39":13,"40":13,"41":8,"42":5,"43":14,"44":14,"45":0,"46":14,"47":14,"48":14,"49":14,"50":1,"51":14,"52":13,"53":13,"54":13,"55":1,"56":13,"57":14,"58":1,"59":1,"60":1,"61":1,"62":1,"63":1,"64":3,"65":1},"b":{"1":[1,25],"2":[26,26,15,4],"3":[3,22],"4":[1,12],"5":[1,11],"6":[6,3],"7":[1,13],"8":[13,15],"9":[8,5],"10":[1,12],"11":[1,0],"12":[1,0],"13":[1,0]},"f":{"1":14,"2":26,"3":13,"4":9,"5":14,"6":0,"7":14,"8":1,"9":13,"10":1},"fnMap":{"1":{"name":"ValidatorExpression","line":7,"loc":{"start":{"line":7,"column":0},"end":{"line":7,"column":31}}},"2":{"name":"(anonymous_2)","line":37,"loc":{"start":{"line":37,"column":15},"end":{"line":37,"column":36}}},"3":{"name":"(anonymous_3)","line":50,"loc":{"start":{"line":50,"column":23},"end":{"line":50,"column":43}}},"4":{"name":"(anonymous_4)","line":64,"loc":{"start":{"line":64,"column":18},"end":{"line":64,"column":29}}},"5":{"name":"(anonymous_5)","line":71,"loc":{"start":{"line":71,"column":20},"end":{"line":71,"column":31}}},"6":{"name":"(anonymous_6)","line":88,"loc":{"start":{"line":88,"column":20},"end":{"line":88,"column":34}}},"7":{"name":"(anonymous_7)","line":96,"loc":{"start":{"line":96,"column":16},"end":{"line":96,"column":28}}},"8":{"name":"(anonymous_8)","line":101,"loc":{"start":{"line":101,"column":19},"end":{"line":101,"column":30}}},"9":{"name":"(anonymous_9)","line":105,"loc":{"start":{"line":105,"column":19},"end":{"line":105,"column":36}}},"10":{"name":"(anonymous_10)","line":114,"loc":{"start":{"line":114,"column":16},"end":{"line":114,"column":33}}}},"statementMap":{"1":{"start":{"line":2,"column":0},"end":{"line":5,"column":25}},"2":{"start":{"line":7,"column":0},"end":{"line":123,"column":1}},"3":{"start":{"line":10,"column":4},"end":{"line":16,"column":6}},"4":{"start":{"line":18,"column":4},"end":{"line":18,"column":25}},"5":{"start":{"line":19,"column":4},"end":{"line":19,"column":25}},"6":{"start":{"line":20,"column":4},"end":{"line":23,"column":6}},"7":{"start":{"line":24,"column":4},"end":{"line":24,"column":18}},"8":{"start":{"line":25,"column":4},"end":{"line":25,"column":18}},"9":{"start":{"line":26,"column":4},"end":{"line":26,"column":18}},"10":{"start":{"line":27,"column":4},"end":{"line":27,"column":23}},"11":{"start":{"line":28,"column":4},"end":{"line":28,"column":21}},"12":{"start":{"line":34,"column":4},"end":{"line":35,"column":6}},"13":{"start":{"line":37,"column":4},"end":{"line":48,"column":6}},"14":{"start":{"line":38,"column":8},"end":{"line":46,"column":9}},"15":{"start":{"line":40,"column":12},"end":{"line":40,"column":63}},"16":{"start":{"line":42,"column":12},"end":{"line":44,"column":13}},"17":{"start":{"line":43,"column":16},"end":{"line":43,"column":46}},"18":{"start":{"line":45,"column":12},"end":{"line":45,"column":41}},"19":{"start":{"line":47,"column":8},"end":{"line":47,"column":20}},"20":{"start":{"line":50,"column":4},"end":{"line":62,"column":6}},"21":{"start":{"line":51,"column":8},"end":{"line":60,"column":9}},"22":{"start":{"line":52,"column":12},"end":{"line":52,"column":66}},"23":{"start":{"line":54,"column":12},"end":{"line":54,"column":52}},"24":{"start":{"line":55,"column":12},"end":{"line":59,"column":13}},"25":{"start":{"line":56,"column":16},"end":{"line":56,"column":70}},"26":{"start":{"line":58,"column":16},"end":{"line":58,"column":41}},"27":{"start":{"line":61,"column":8},"end":{"line":61,"column":20}},"28":{"start":{"line":64,"column":4},"end":{"line":69,"column":6}},"29":{"start":{"line":65,"column":8},"end":{"line":67,"column":9}},"30":{"start":{"line":66,"column":12},"end":{"line":66,"column":28}},"31":{"start":{"line":68,"column":8},"end":{"line":68,"column":22}},"32":{"start":{"line":71,"column":4},"end":{"line":86,"column":6}},"33":{"start":{"line":72,"column":8},"end":{"line":84,"column":9}},"34":{"start":{"line":73,"column":12},"end":{"line":73,"column":60}},"35":{"start":{"line":75,"column":12},"end":{"line":75,"column":32}},"36":{"start":{"line":76,"column":12},"end":{"line":76,"column":98}},"37":{"start":{"line":76,"column":43},"end":{"line":76,"column":98}},"38":{"start":{"line":77,"column":12},"end":{"line":77,"column":34}},"39":{"start":{"line":78,"column":12},"end":{"line":78,"column":32}},"40":{"start":{"line":79,"column":12},"end":{"line":83,"column":13}},"41":{"start":{"line":80,"column":16},"end":{"line":80,"column":43}},"42":{"start":{"line":82,"column":16},"end":{"line":82,"column":50}},"43":{"start":{"line":85,"column":8},"end":{"line":85,"column":20}},"44":{"start":{"line":88,"column":4},"end":{"line":94,"column":6}},"45":{"start":{"line":89,"column":8},"end":{"line":93,"column":10}},"46":{"start":{"line":96,"column":4},"end":{"line":99,"column":6}},"47":{"start":{"line":97,"column":8},"end":{"line":97,"column":43}},"48":{"start":{"line":98,"column":8},"end":{"line":98,"column":20}},"49":{"start":{"line":101,"column":4},"end":{"line":103,"column":6}},"50":{"start":{"line":102,"column":8},"end":{"line":102,"column":30}},"51":{"start":{"line":105,"column":4},"end":{"line":112,"column":6}},"52":{"start":{"line":106,"column":8},"end":{"line":106,"column":53}},"53":{"start":{"line":107,"column":8},"end":{"line":107,"column":34}},"54":{"start":{"line":108,"column":8},"end":{"line":110,"column":9}},"55":{"start":{"line":109,"column":12},"end":{"line":109,"column":29}},"56":{"start":{"line":111,"column":8},"end":{"line":111,"column":19}},"57":{"start":{"line":114,"column":4},"end":{"line":122,"column":6}},"58":{"start":{"line":115,"column":8},"end":{"line":115,"column":46}},"59":{"start":{"line":115,"column":24},"end":{"line":115,"column":46}},"60":{"start":{"line":116,"column":8},"end":{"line":116,"column":63}},"61":{"start":{"line":116,"column":29},"end":{"line":116,"column":63}},"62":{"start":{"line":117,"column":8},"end":{"line":121,"column":9}},"63":{"start":{"line":118,"column":12},"end":{"line":120,"column":13}},"64":{"start":{"line":119,"column":16},"end":{"line":119,"column":51}},"65":{"start":{"line":125,"column":0},"end":{"line":125,"column":52}}},"branchMap":{"1":{"line":38,"type":"if","locations":[{"start":{"line":38,"column":8},"end":{"line":38,"column":8}},{"start":{"line":38,"column":8},"end":{"line":38,"column":8}}]},"2":{"line":38,"type":"binary-expr","locations":[{"start":{"line":38,"column":12},"end":{"line":38,"column":46}},{"start":{"line":39,"column":16},"end":{"line":39,"column":28}},{"start":{"line":39,"column":32},"end":{"line":39,"column":45}},{"start":{"line":39,"column":49},"end":{"line":39,"column":94}}]},"3":{"line":42,"type":"if","locations":[{"start":{"line":42,"column":12},"end":{"line":42,"column":12}},{"start":{"line":42,"column":12},"end":{"line":42,"column":12}}]},"4":{"line":51,"type":"if","locations":[{"start":{"line":51,"column":8},"end":{"line":51,"column":8}},{"start":{"line":51,"column":8},"end":{"line":51,"column":8}}]},"5":{"line":55,"type":"if","locations":[{"start":{"line":55,"column":12},"end":{"line":55,"column":12}},{"start":{"line":55,"column":12},"end":{"line":55,"column":12}}]},"6":{"line":65,"type":"if","locations":[{"start":{"line":65,"column":8},"end":{"line":65,"column":8}},{"start":{"line":65,"column":8},"end":{"line":65,"column":8}}]},"7":{"line":72,"type":"if","locations":[{"start":{"line":72,"column":8},"end":{"line":72,"column":8}},{"start":{"line":72,"column":8},"end":{"line":72,"column":8}}]},"8":{"line":76,"type":"cond-expr","locations":[{"start":{"line":76,"column":88},"end":{"line":76,"column":91}},{"start":{"line":76,"column":94},"end":{"line":76,"column":96}}]},"9":{"line":79,"type":"if","locations":[{"start":{"line":79,"column":12},"end":{"line":79,"column":12}},{"start":{"line":79,"column":12},"end":{"line":79,"column":12}}]},"10":{"line":108,"type":"if","locations":[{"start":{"line":108,"column":8},"end":{"line":108,"column":8}},{"start":{"line":108,"column":8},"end":{"line":108,"column":8}}]},"11":{"line":115,"type":"if","locations":[{"start":{"line":115,"column":8},"end":{"line":115,"column":8}},{"start":{"line":115,"column":8},"end":{"line":115,"column":8}}]},"12":{"line":116,"type":"if","locations":[{"start":{"line":116,"column":8},"end":{"line":116,"column":8}},{"start":{"line":116,"column":8},"end":{"line":116,"column":8}}]},"13":{"line":117,"type":"if","locations":[{"start":{"line":117,"column":8},"end":{"line":117,"column":8}},{"start":{"line":117,"column":8},"end":{"line":117,"column":8}}]}}}}