TN:
SF:/home/sysdev/development/valdi-es5/src/base64.js
FN:5,Base64
FN:9,(anonymous_2)
FN:13,(anonymous_3)
FN:44,(anonymous_4)
FN:75,(anonymous_5)
FN:99,(anonymous_6)
FNF:6
FNH:6
FNDA:1,Base64
FNDA:8,(anonymous_2)
FNDA:4,(anonymous_3)
FNDA:4,(anonymous_4)
FNDA:4,(anonymous_5)
FNDA:4,(anonymous_6)
DA:3,1
DA:5,1
DA:7,1
DA:9,1
DA:10,8
DA:13,1
DA:14,4
DA:18,4
DA:20,4
DA:22,14
DA:23,14
DA:24,14
DA:26,14
DA:27,14
DA:28,14
DA:29,14
DA:31,14
DA:32,2
DA:33,12
DA:34,0
DA:37,14
DA:41,4
DA:44,1
DA:45,4
DA:50,4
DA:52,4
DA:54,14
DA:55,14
DA:56,14
DA:57,14
DA:59,14
DA:60,14
DA:61,14
DA:63,14
DA:65,14
DA:66,12
DA:68,14
DA:69,12
DA:72,4
DA:75,1
DA:76,4
DA:77,4
DA:79,4
DA:81,22
DA:83,22
DA:84,14
DA:86,8
DA:87,0
DA:88,0
DA:91,8
DA:92,8
DA:93,8
DA:96,4
DA:99,1
DA:100,4
DA:104,4
DA:106,22
DA:108,22
DA:109,14
DA:110,14
DA:112,8
DA:113,0
DA:114,0
DA:115,0
DA:118,8
DA:119,8
DA:120,8
DA:121,8
DA:124,4
DA:128,1
LF:70
LH:64
BRDA:10,1,0,8
BRDA:10,1,1,0
BRDA:31,2,0,2
BRDA:31,2,1,12
BRDA:33,3,0,0
BRDA:33,3,1,12
BRDA:65,4,0,12
BRDA:65,4,1,2
BRDA:68,5,0,12
BRDA:68,5,1,2
BRDA:83,6,0,14
BRDA:83,6,1,8
BRDA:86,7,0,0
BRDA:86,7,1,8
BRDA:86,8,0,8
BRDA:86,8,1,8
BRDA:108,9,0,14
BRDA:108,9,1,8
BRDA:112,10,0,0
BRDA:112,10,1,8
BRDA:112,11,0,8
BRDA:112,11,1,8
BRF:22
BRH:18
end_of_record
TN:
SF:/home/sysdev/development/valdi-es5/index.js
FN:6,(anonymous_1)
FNF:1
FNH:1
FNDA:1,(anonymous_1)
DA:2,1
DA:4,1
DA:6,1
DA:18,1
DA:19,1
LF:5
LH:5
BRF:0
BRH:0
end_of_record
TN:
SF:/home/sysdev/development/valdi-es5/src/shorthand.js
FN:6,Shorthand
FN:17,_executeValidation
FN:43,_resetResults
FN:59,_addtest
FN:67,_functionName
FN:80,(anonymous_6)
FN:99,(anonymous_7)
FN:108,(anonymous_8)
FN:117,(anonymous_9)
FN:122,(anonymous_10)
FN:131,(anonymous_11)
FN:136,(anonymous_12)
FN:141,(anonymous_13)
FN:146,(anonymous_14)
FN:151,(anonymous_15)
FN:156,(anonymous_16)
FN:161,(anonymous_17)
FN:166,(anonymous_18)
FN:171,(anonymous_19)
FN:176,(anonymous_20)
FN:181,(anonymous_21)
FN:186,(anonymous_22)
FN:192,(anonymous_23)
FN:198,(anonymous_24)
FN:203,(anonymous_25)
FN:208,(anonymous_26)
FN:213,(anonymous_27)
FN:218,(anonymous_28)
FN:223,(anonymous_29)
FN:228,(anonymous_30)
FN:235,(anonymous_31)
FN:239,(anonymous_32)
FN:243,(anonymous_33)
FNF:33
FNH:33
FNDA:96,Shorthand
FNDA:99,_executeValidation
FNDA:99,_resetResults
FNDA:147,_addtest
FNDA:147,_functionName
FNDA:99,(anonymous_6)
FNDA:21,(anonymous_7)
FNDA:8,(anonymous_8)
FNDA:2,(anonymous_9)
FNDA:7,(anonymous_10)
FNDA:2,(anonymous_11)
FNDA:4,(anonymous_12)
FNDA:2,(anonymous_13)
FNDA:3,(anonymous_14)
FNDA:6,(anonymous_15)
FNDA:34,(anonymous_16)
FNDA:6,(anonymous_17)
FNDA:2,(anonymous_18)
FNDA:3,(anonymous_19)
FNDA:1,(anonymous_20)
FNDA:3,(anonymous_21)
FNDA:13,(anonymous_22)
FNDA:10,(anonymous_23)
FNDA:3,(anonymous_24)
FNDA:3,(anonymous_25)
FNDA:2,(anonymous_26)
FNDA:2,(anonymous_27)
FNDA:6,(anonymous_28)
FNDA:2,(anonymous_29)
FNDA:2,(anonymous_30)
FNDA:3,(anonymous_31)
FNDA:95,(anonymous_32)
FNDA:96,(anonymous_33)
DA:2,1
DA:6,1
DA:7,96
DA:8,96
DA:9,96
DA:10,96
DA:11,96
DA:17,1
DA:19,99
DA:20,99
DA:21,99
DA:23,99
DA:24,164
DA:25,164
DA:26,164
DA:27,110
DA:28,54
DA:29,54
DA:30,0
DA:31,0
DA:33,164
DA:34,48
DA:38,99
DA:39,99
DA:40,99
DA:43,1
DA:44,99
DA:59,1
DA:60,147
DA:67,1
DA:68,147
DA:80,96
DA:81,99
DA:82,99
DA:83,99
DA:94,99
DA:99,96
DA:100,21
DA:101,1
DA:103,20
DA:105,21
DA:108,96
DA:109,8
DA:110,2
DA:112,6
DA:114,8
DA:117,96
DA:118,2
DA:119,2
DA:122,96
DA:123,7
DA:124,4
DA:126,3
DA:128,7
DA:131,96
DA:132,2
DA:133,2
DA:136,96
DA:137,4
DA:138,4
DA:141,96
DA:142,2
DA:143,2
DA:146,96
DA:147,3
DA:148,3
DA:151,96
DA:152,6
DA:153,6
DA:156,96
DA:157,34
DA:158,34
DA:161,96
DA:162,6
DA:163,6
DA:166,96
DA:167,2
DA:168,2
DA:171,96
DA:172,3
DA:173,3
DA:176,96
DA:177,1
DA:178,1
DA:181,96
DA:182,3
DA:183,3
DA:186,96
DA:187,13
DA:188,13
DA:189,13
DA:192,96
DA:193,10
DA:194,10
DA:195,10
DA:198,96
DA:199,3
DA:200,3
DA:203,96
DA:204,3
DA:205,3
DA:208,96
DA:209,2
DA:210,2
DA:213,96
DA:214,2
DA:215,2
DA:218,96
DA:219,6
DA:220,6
DA:223,96
DA:224,2
DA:225,2
DA:228,96
DA:229,2
DA:230,2
DA:235,96
DA:236,3
DA:239,96
DA:240,95
DA:243,96
DA:244,96
DA:245,96
DA:246,96
DA:247,96
DA:248,96
DA:249,96
DA:250,96
DA:254,1
LF:129
LH:127
BRDA:26,1,0,110
BRDA:26,1,1,54
BRDA:28,2,0,54
BRDA:28,2,1,0
BRDA:30,3,0,0
BRDA:30,3,1,0
BRDA:33,4,0,48
BRDA:33,4,1,116
BRDA:40,5,0,57
BRDA:40,5,1,42
BRDA:40,6,0,99
BRDA:40,6,1,99
BRDA:68,7,0,147
BRDA:68,7,1,0
BRDA:100,8,0,1
BRDA:100,8,1,20
BRDA:109,9,0,2
BRDA:109,9,1,6
BRDA:123,10,0,4
BRDA:123,10,1,3
BRDA:187,11,0,0
BRDA:187,11,1,13
BRDA:187,12,0,13
BRDA:187,12,1,2
BRDA:193,13,0,0
BRDA:193,13,1,10
BRDA:193,14,0,10
BRDA:193,14,1,3
BRDA:246,15,0,1
BRDA:246,15,1,95
BRDA:246,16,0,96
BRDA:246,16,1,96
BRDA:247,17,0,0
BRDA:247,17,1,96
BRF:34
BRH:27
end_of_record
TN:
SF:/home/sysdev/development/valdi-es5/src/config.js
FN:13,updateVersion
FNF:1
FNH:1
FNDA:3,updateVersion
DA:3,1
DA:13,1
DA:14,3
DA:15,3
DA:16,1
DA:18,2
DA:20,2
DA:21,1
DA:23,1
DA:24,1
DA:26,2
DA:27,1
DA:29,1
DA:30,9
DA:32,1
DA:34,2
DA:38,1
DA:45,1
LF:18
LH:18
BRDA:3,1,0,0
BRDA:3,1,1,1
BRDA:3,2,0,1
BRDA:3,2,1,1
BRDA:15,3,0,1
BRDA:15,3,1,2
BRDA:20,4,0,1
BRDA:20,4,1,1
BRDA:26,5,0,1
BRDA:26,5,1,1
BRDA:30,6,0,1
BRDA:30,6,1,8
BRDA:34,7,0,1
BRDA:34,7,1,1
BRF:14
BRH:13
end_of_record
TN:
SF:/home/sysdev/development/valdi-es5/src/input-validator.js
FN:27,InputValidator
FN:29,(anonymous_2)
FN:34,(anonymous_3)
FN:38,(anonymous_4)
FN:46,(anonymous_5)
FN:54,(anonymous_6)
FN:62,(anonymous_7)
FN:66,(anonymous_8)
FN:70,(anonymous_9)
FN:74,(anonymous_10)
FN:78,(anonymous_11)
FN:86,(anonymous_12)
FN:95,(anonymous_13)
FN:100,(anonymous_14)
FN:121,(anonymous_15)
FN:126,(anonymous_16)
FN:136,(anonymous_17)
FN:144,(anonymous_18)
FN:152,(anonymous_19)
FN:156,(anonymous_20)
FN:160,(anonymous_21)
FN:164,(anonymous_22)
FN:168,(anonymous_23)
FN:187,(anonymous_24)
FN:197,(anonymous_25)
FN:209,(anonymous_26)
FN:213,(anonymous_27)
FN:224,(anonymous_28)
FN:230,(anonymous_29)
FN:234,(anonymous_30)
FN:239,(anonymous_31)
FN:243,(anonymous_32)
FN:249,(anonymous_33)
FN:255,(anonymous_34)
FN:260,(anonymous_35)
FN:265,(anonymous_36)
FN:274,iv
FN:281,ins
FNF:38
FNH:38
FNDA:2,InputValidator
FNDA:2,(anonymous_2)
FNDA:1,(anonymous_3)
FNDA:154,(anonymous_4)
FNDA:16,(anonymous_5)
FNDA:10,(anonymous_6)
FNDA:25,(anonymous_7)
FNDA:6,(anonymous_8)
FNDA:27,(anonymous_9)
FNDA:170,(anonymous_10)
FNDA:19,(anonymous_11)
FNDA:16,(anonymous_12)
FNDA:11,(anonymous_13)
FNDA:17,(anonymous_14)
FNDA:30,(anonymous_15)
FNDA:126,(anonymous_16)
FNDA:108,(anonymous_17)
FNDA:21,(anonymous_18)
FNDA:245,(anonymous_19)
FNDA:83,(anonymous_20)
FNDA:5,(anonymous_21)
FNDA:6,(anonymous_22)
FNDA:24,(anonymous_23)
FNDA:21,(anonymous_24)
FNDA:19,(anonymous_25)
FNDA:7,(anonymous_26)
FNDA:8,(anonymous_27)
FNDA:8,(anonymous_28)
FNDA:2,(anonymous_29)
FNDA:2,(anonymous_30)
FNDA:57,(anonymous_31)
FNDA:4,(anonymous_32)
FNDA:4,(anonymous_33)
FNDA:5,(anonymous_34)
FNDA:5,(anonymous_35)
FNDA:17,(anonymous_36)
FNDA:931,iv
FNDA:85,ins
DA:2,1
DA:27,1
DA:29,2
DA:31,2
DA:34,2
DA:35,1
DA:38,2
DA:39,154
DA:41,1
DA:43,154
DA:46,2
DA:47,16
DA:49,2
DA:51,16
DA:54,2
DA:55,10
DA:57,4
DA:59,10
DA:62,2
DA:63,25
DA:66,2
DA:67,6
DA:70,2
DA:71,27
DA:74,2
DA:75,170
DA:78,2
DA:79,19
DA:80,9
DA:82,10
DA:86,2
DA:87,16
DA:88,0
DA:90,16
DA:91,16
DA:95,2
DA:96,11
DA:97,11
DA:100,2
DA:101,17
DA:102,17
DA:103,15
DA:105,17
DA:106,4
DA:108,13
DA:109,4
DA:111,9
DA:112,9
DA:114,13
DA:115,12
DA:117,1
DA:121,2
DA:122,30
DA:126,2
DA:127,126
DA:128,102
DA:129,24
DA:130,13
DA:132,11
DA:136,2
DA:137,108
DA:138,106
DA:140,2
DA:144,2
DA:145,21
DA:146,20
DA:148,1
DA:152,2
DA:153,245
DA:156,2
DA:157,83
DA:160,2
DA:161,5
DA:164,2
DA:165,6
DA:168,2
DA:169,24
DA:171,3
DA:173,21
DA:174,21
DA:184,21
DA:187,2
DA:188,21
DA:190,3
DA:192,18
DA:193,18
DA:194,18
DA:197,2
DA:198,19
DA:199,8
DA:200,11
DA:201,2
DA:202,9
DA:203,0
DA:205,9
DA:209,2
DA:210,7
DA:213,2
DA:214,8
DA:215,4
DA:216,4
DA:217,0
DA:220,8
DA:221,8
DA:224,2
DA:225,8
DA:226,20
DA:227,8
DA:230,2
DA:231,2
DA:234,2
DA:235,2
DA:236,1
DA:239,2
DA:240,57
DA:243,2
DA:244,4
DA:249,2
DA:250,4
DA:255,2
DA:256,5
DA:257,5
DA:260,2
DA:261,5
DA:262,5
DA:265,2
DA:266,17
DA:272,1
DA:274,1
DA:275,931
DA:276,1
DA:278,931
DA:281,1
DA:282,85
DA:283,1
DA:285,85
DA:288,1
LF:137
LH:134
BRDA:39,1,0,1
BRDA:39,1,1,153
BRDA:39,2,0,154
BRDA:39,2,1,1
BRDA:39,2,2,1
BRDA:47,3,0,2
BRDA:47,3,1,14
BRDA:47,4,0,16
BRDA:47,4,1,2
BRDA:47,4,2,2
BRDA:51,5,0,16
BRDA:51,5,1,13
BRDA:55,6,0,4
BRDA:55,6,1,6
BRDA:55,7,0,10
BRDA:55,7,1,4
BRDA:55,7,2,4
BRDA:59,8,0,10
BRDA:59,8,1,6
BRDA:63,9,0,25
BRDA:63,9,1,22
BRDA:71,10,0,9
BRDA:71,10,1,18
BRDA:79,11,0,9
BRDA:79,11,1,10
BRDA:79,12,0,19
BRDA:79,12,1,15
BRDA:87,13,0,0
BRDA:87,13,1,16
BRDA:91,14,0,3
BRDA:91,14,1,13
BRDA:91,15,0,16
BRDA:91,15,1,13
BRDA:97,16,0,7
BRDA:97,16,1,4
BRDA:102,17,0,15
BRDA:102,17,1,2
BRDA:105,18,0,4
BRDA:105,18,1,13
BRDA:108,19,0,4
BRDA:108,19,1,9
BRDA:112,20,0,0
BRDA:112,20,1,9
BRDA:114,21,0,12
BRDA:114,21,1,1
BRDA:115,22,0,0
BRDA:115,22,1,12
BRDA:122,23,0,30
BRDA:122,23,1,5
BRDA:127,24,0,102
BRDA:127,24,1,24
BRDA:129,25,0,13
BRDA:129,25,1,11
BRDA:137,26,0,106
BRDA:137,26,1,2
BRDA:145,27,0,20
BRDA:145,27,1,1
BRDA:161,28,0,5
BRDA:161,28,1,4
BRDA:165,29,0,6
BRDA:165,29,1,4
BRDA:169,30,0,3
BRDA:169,30,1,21
BRDA:169,31,0,24
BRDA:169,31,1,21
BRDA:173,32,0,20
BRDA:173,32,1,1
BRDA:173,33,0,21
BRDA:173,33,1,6
BRDA:174,34,0,21
BRDA:174,34,1,0
BRDA:174,35,0,21
BRDA:174,35,1,2
BRDA:188,36,0,3
BRDA:188,36,1,18
BRDA:188,37,0,21
BRDA:188,37,1,19
BRDA:192,38,0,17
BRDA:192,38,1,1
BRDA:192,39,0,18
BRDA:192,39,1,5
BRDA:193,40,0,18
BRDA:193,40,1,0
BRDA:193,41,0,18
BRDA:193,41,1,2
BRDA:198,42,0,8
BRDA:198,42,1,11
BRDA:200,43,0,2
BRDA:200,43,1,9
BRDA:202,44,0,0
BRDA:202,44,1,9
BRDA:214,45,0,4
BRDA:214,45,1,4
BRDA:216,46,0,0
BRDA:216,46,1,4
BRDA:221,47,0,3
BRDA:221,47,1,5
BRDA:226,48,0,8
BRDA:226,48,1,0
BRDA:235,49,0,1
BRDA:235,49,1,1
BRDA:235,50,0,2
BRDA:235,50,1,1
BRDA:240,51,0,21
BRDA:240,51,1,36
BRDA:275,52,0,1
BRDA:275,52,1,930
BRDA:282,53,0,1
BRDA:282,53,1,84
BRF:109
BRH:101
end_of_record
TN:
SF:/home/sysdev/development/valdi-es5/src/inspector.js
FN:5,_Inspector
FN:6,(anonymous_2)
FN:9,(anonymous_3)
FN:12,(anonymous_4)
FN:15,(anonymous_5)
FN:20,(anonymous_6)
FN:24,(anonymous_7)
FN:29,_self
FNF:8
FNH:8
FNDA:1,_Inspector
FNDA:197,(anonymous_2)
FNDA:21,(anonymous_3)
FNDA:2,(anonymous_4)
FNDA:172,(anonymous_5)
FNDA:2,(anonymous_6)
FNDA:1,(anonymous_7)
FNDA:1,_self
DA:2,1
DA:5,1
DA:6,1
DA:7,197
DA:9,1
DA:10,21
DA:12,1
DA:13,2
DA:15,1
DA:16,172
DA:17,172
DA:18,172
DA:20,1
DA:22,2
DA:24,1
DA:25,1
DA:29,1
DA:30,1
DA:31,1
DA:33,1
DA:36,1
LF:21
LH:21
BRDA:7,1,0,0
BRDA:7,1,1,197
BRDA:7,2,0,12
BRDA:7,2,1,185
BRDA:10,3,0,2
BRDA:10,3,1,19
BRDA:17,4,0,14
BRDA:17,4,1,158
BRDA:30,5,0,1
BRDA:30,5,1,0
BRF:10
BRH:8
end_of_record
TN:
SF:/home/sysdev/development/valdi-es5/src/string-tool.js
FN:7,StringTool
FN:9,(anonymous_2)
FN:13,(anonymous_3)
FN:16,(anonymous_4)
FN:20,(anonymous_5)
FN:24,(anonymous_6)
FN:28,(anonymous_7)
FN:32,(anonymous_8)
FN:36,(anonymous_9)
FN:40,(anonymous_10)
FN:44,(anonymous_11)
FN:48,(anonymous_12)
FN:55,(anonymous_13)
FN:61,(anonymous_14)
FNF:14
FNH:14
FNDA:1,StringTool
FNDA:1,(anonymous_2)
FNDA:1,(anonymous_3)
FNDA:24,(anonymous_4)
FNDA:1,(anonymous_5)
FNDA:1,(anonymous_6)
FNDA:1,(anonymous_7)
FNDA:1,(anonymous_8)
FNDA:1,(anonymous_9)
FNDA:1,(anonymous_10)
FNDA:1,(anonymous_11)
FNDA:3,(anonymous_12)
FNDA:11,(anonymous_13)
FNDA:22,(anonymous_14)
DA:2,1
DA:7,1
DA:9,1
DA:11,1
DA:13,1
DA:14,1
DA:16,1
DA:17,24
DA:20,1
DA:21,1
DA:24,1
DA:25,1
DA:28,1
DA:29,1
DA:32,1
DA:33,1
DA:36,1
DA:37,1
DA:40,1
DA:41,1
DA:44,1
DA:45,1
DA:48,1
DA:49,3
DA:50,3
DA:51,5
DA:52,3
DA:55,1
DA:56,11
DA:57,11
DA:58,11
DA:61,1
DA:62,22
DA:66,1
LF:34
LH:34
BRDA:49,1,0,2
BRDA:49,1,1,1
BRDA:58,2,0,11
BRDA:58,2,1,1
BRF:4
BRH:4
end_of_record
TN:
SF:/home/sysdev/development/valdi-es5/src/html-entities.js
FN:7,(anonymous_1)
FN:8,(anonymous_2)
FN:18,(anonymous_3)
FN:19,(anonymous_4)
FN:24,HtmlEntities
FN:26,(anonymous_6)
FN:33,(anonymous_7)
FN:36,(anonymous_8)
FNF:8
FNH:8
FNDA:12,(anonymous_1)
FNDA:285,(anonymous_2)
FNDA:12,(anonymous_3)
FNDA:249,(anonymous_4)
FNDA:1,HtmlEntities
FNDA:4,(anonymous_6)
FNDA:12,(anonymous_7)
FNDA:12,(anonymous_8)
DA:7,1
DA:8,12
DA:9,285
DA:18,1
DA:19,12
DA:20,249
DA:24,1
DA:26,1
DA:27,4
DA:28,0
DA:30,4
DA:33,1
DA:34,12
DA:36,1
DA:37,12
DA:41,1
LF:16
LH:15
BRDA:27,1,0,0
BRDA:27,1,1,4
BRF:2
BRH:1
end_of_record
TN:
SF:/home/sysdev/development/valdi-es5/src/validator-expression.js
FN:7,ValidatorExpression
FN:37,(anonymous_2)
FN:50,(anonymous_3)
FN:64,(anonymous_4)
FN:71,(anonymous_5)
FN:88,(anonymous_6)
FN:96,(anonymous_7)
FN:101,(anonymous_8)
FN:105,(anonymous_9)
FN:114,(anonymous_10)
FNF:10
FNH:9
FNDA:14,ValidatorExpression
FNDA:26,(anonymous_2)
FNDA:13,(anonymous_3)
FNDA:9,(anonymous_4)
FNDA:14,(anonymous_5)
FNDA:0,(anonymous_6)
FNDA:14,(anonymous_7)
FNDA:1,(anonymous_8)
FNDA:13,(anonymous_9)
FNDA:1,(anonymous_10)
DA:2,1
DA:7,1
DA:10,14
DA:18,14
DA:19,14
DA:20,14
DA:24,14
DA:25,14
DA:26,14
DA:27,14
DA:28,14
DA:34,14
DA:37,14
DA:38,26
DA:40,1
DA:42,25
DA:43,3
DA:45,25
DA:47,26
DA:50,14
DA:51,13
DA:52,1
DA:54,12
DA:55,12
DA:56,1
DA:58,11
DA:61,13
DA:64,14
DA:65,9
DA:66,6
DA:68,9
DA:71,14
DA:72,14
DA:73,1
DA:75,13
DA:76,28
DA:77,13
DA:78,13
DA:79,13
DA:80,8
DA:82,5
DA:85,14
DA:88,14
DA:89,0
DA:96,14
DA:97,14
DA:98,14
DA:101,14
DA:102,1
DA:105,14
DA:106,13
DA:107,13
DA:108,13
DA:109,1
DA:111,13
DA:114,14
DA:115,1
DA:116,1
DA:117,1
DA:118,1
DA:119,3
DA:125,1
LF:62
LH:61
BRDA:38,1,0,1
BRDA:38,1,1,25
BRDA:38,2,0,26
BRDA:38,2,1,26
BRDA:38,2,2,15
BRDA:38,2,3,4
BRDA:42,3,0,3
BRDA:42,3,1,22
BRDA:51,4,0,1
BRDA:51,4,1,12
BRDA:55,5,0,1
BRDA:55,5,1,11
BRDA:65,6,0,6
BRDA:65,6,1,3
BRDA:72,7,0,1
BRDA:72,7,1,13
BRDA:76,8,0,13
BRDA:76,8,1,15
BRDA:79,9,0,8
BRDA:79,9,1,5
BRDA:108,10,0,1
BRDA:108,10,1,12
BRDA:115,11,0,1
BRDA:115,11,1,0
BRDA:116,12,0,1
BRDA:116,12,1,0
BRDA:117,13,0,1
BRDA:117,13,1,0
BRF:28
BRH:25
end_of_record
